CUSTOM - 2021-11-07 08:59:00 --> Order::addOrder - /index.php/order/addOrder: {"note":"","lstProId":[],"orders":[{"product_id":"1","cost":null,"unit":"","price":92500,"quantity":30,"total":"1"},{"product_id":"2","cost":null,"unit":"","price":92500,"quantity":40,"total":"2"},{"product_id":"26","cost":null,"unit":"","price":150000,"quantity":10,"total":"26"},{"product_id":"25","cost":null,"unit":"","price":172000,"quantity":20,"total":"25"}],"total_price":11415000,"customer_id":"1259","saler":"12"}
CUSTOM - 2021-11-07 08:59:13 --> Order::createShipment - /index.php/order/createShipment: {"order":[{"id":"26168","customer_id":"1259","total_price":"11415000","delivery":"0","status":"2","shipment_id":null,"created":"2021-11-07 08:59:00","note":"","order_code":"CH000026168","saler":"12","driver":null,"sub_driver":null,"saler_name":"Sup Ace","customer_name":null,"customer_address":"B\u00e1n l\u1ebb","customer_phone":"[]","total_box":110}],"id":0,"truck":"7","date":"2021-11-07 00:00:00","index":1}
CUSTOM - 2021-11-07 09:34:41 --> Order::addOrder - /index.php/order/addOrder: {"note":"","lstProId":[],"orders":[{"product_id":"87","cost":null,"unit":"","price":163000,"quantity":5,"total":"87"},{"product_id":"81","cost":null,"unit":"","price":163000,"quantity":8,"total":"81"},{"product_id":"158","cost":null,"unit":"","price":158000,"quantity":5,"total":"158"},{"product_id":"129","cost":null,"unit":"","price":825000,"quantity":2,"total":"129"},{"product_id":"89","cost":null,"unit":"","price":148000,"quantity":2,"total":"89"},{"product_id":"42","cost":null,"unit":"","price":133000,"quantity":10,"total":"42"},{"product_id":"64","cost":null,"unit":"","price":154000,"quantity":3,"total":"64"}],"total_price":6647000,"customer_id":"1259","saler":"11"}
CUSTOM - 2021-11-07 09:35:01 --> Order::createShipment - /index.php/order/createShipment: {"order":[{"id":"26168","customer_id":"1259","total_price":"11415000","delivery":"0","status":"2","shipment_id":"3158","created":"2021-11-07 08:59:00","note":"","order_code":"CH000026168","saler":"12","driver":"0","sub_driver":"0","saler_name":"Sup Ace","customer_name":null,"customer_address":"B\u00e1n l\u1ebb","customer_phone":"[]","customer_store_name":null,"total_box":110},{"id":"26169","customer_id":"1259","total_price":"6647000","delivery":"0","status":"2","shipment_id":null,"created":"2021-11-07 09:34:41","note":"","order_code":"CH000026169","saler":"11","driver":null,"sub_driver":null,"saler_name":"A T\u00edn","customer_name":null,"customer_address":"B\u00e1n l\u1ebb","customer_phone":"[]","total_box":40}],"id":"3158","truck":"7","date":"2017-11-12","index":"1"}
CUSTOM - 2021-11-07 09:42:27 --> Order::addOrder - /index.php/order/addOrder: {"note":"","lstProId":[],"orders":[{"product_id":"78","cost":null,"unit":"","price":250000,"quantity":1,"total":"78"},{"product_id":"82","cost":null,"unit":"","price":156000,"quantity":1,"total":"82"},{"product_id":"91","cost":null,"unit":"","price":87000,"quantity":1,"total":"91"},{"product_id":"87","cost":null,"unit":"","price":165000,"quantity":1,"total":"87"},{"product_id":"66","cost":null,"unit":"","price":115000,"quantity":1,"total":"66"},{"product_id":"80","cost":null,"unit":"","price":168000,"quantity":1,"total":"80"}],"total_price":941000,"customer_id":"1259","saler":"11"}
CUSTOM - 2021-11-07 09:42:44 --> Order::createShipment - /index.php/order/createShipment: {"order":[{"id":"26168","customer_id":"1259","total_price":"11415000","delivery":"0","status":"2","shipment_id":"3158","created":"2021-11-07 08:59:00","note":"","order_code":"CH000026168","saler":"12","driver":"0","sub_driver":"0","saler_name":"Sup Ace","customer_name":null,"customer_address":"B\u00e1n l\u1ebb","customer_phone":"[]","customer_store_name":null,"total_box":110},{"id":"26169","customer_id":"1259","total_price":"6647000","delivery":"0","status":"2","shipment_id":"3158","created":"2021-11-07 09:34:41","note":"","order_code":"CH000026169","saler":"11","driver":"0","sub_driver":"0","saler_name":"A T\u00edn","customer_name":null,"customer_address":"B\u00e1n l\u1ebb","customer_phone":"[]","customer_store_name":null,"total_box":40},{"id":"26170","customer_id":"1259","total_price":"941000","delivery":"0","status":"2","shipment_id":null,"created":"2021-11-07 09:42:27","note":"","order_code":"CH000026170","saler":"11","driver":null,"sub_driver":null,"saler_name":"A T\u00edn","customer_name":null,"customer_address":"B\u00e1n l\u1ebb","customer_phone":"[]","total_box":6}],"id":"3158","truck":"7","date":"2017-11-12","index":"1"}
CUSTOM - 2021-11-07 10:31:31 --> Order::updateStatusShipment - /index.php/order/updateStatusShipment?shipment_id=3154&status=1: []
CUSTOM - 2021-11-07 10:32:09 --> Order::updateStatusShipment - /index.php/order/updateStatusShipment?shipment_id=3154&status=2: []
CUSTOM - 2021-11-07 10:33:25 --> Order::orderDelivered - /index.php/order/orderDelivered: {"order_id":"26133","price":7090000,"shipment_id":3154}
CUSTOM - 2021-11-07 10:33:25 --> Order::orderDelivered - /index.php/order/orderDelivered: {"order_id":"26153","price":2775000,"shipment_id":3154}
CUSTOM - 2021-11-07 10:33:25 --> Order::orderDelivered - /index.php/order/orderDelivered: {"order_id":"26154","price":8095000,"shipment_id":3154}
CUSTOM - 2021-11-07 10:33:25 --> Order::orderDelivered - /index.php/order/orderDelivered: {"order_id":"26151","price":460500,"shipment_id":3154}
CUSTOM - 2021-11-07 10:33:25 --> Order::orderDelivered - /index.php/order/orderDelivered: {"order_id":"26152","price":5595500,"shipment_id":3154}
CUSTOM - 2021-11-07 10:33:26 --> Order::orderDelivered - /index.php/order/orderDelivered: {"order_id":"26144","price":5380000,"shipment_id":3154}
CUSTOM - 2021-11-07 10:33:26 --> Order::orderDelivered - /index.php/order/orderDelivered: {"order_id":"26130","price":5503000,"shipment_id":3154}
CUSTOM - 2021-11-07 10:33:26 --> Order::orderDelivered - /index.php/order/orderDelivered: {"order_id":"26132","price":5770000,"shipment_id":3154}
CUSTOM - 2021-11-07 10:33:27 --> Shipment::saveShipmentPaymentDetail - /index.php/shipment/saveShipmentPaymentDetail: {"shipment_id":3154,"payment_detail":[{"tien":500000,"soluong":80},{"tien":200000,"soluong":25},{"tien":100000,"soluong":8},{"tien":50000,"soluong":0},{"tien":20000,"soluong":0},{"tien":10000,"soluong":1},{"tien":5000,"soluong":0},{"tien":2000,"soluong":2},{"tien":1000,"soluong":0}]}
CUSTOM - 2021-11-07 10:33:27 --> Order::orderDelivered - /index.php/order/orderDelivered: {"order_id":"26156","price":175000,"shipment_id":3154}
CUSTOM - 2021-11-07 10:33:27 --> Order::orderDelivered - /index.php/order/orderDelivered: {"order_id":"26121","price":4969500,"shipment_id":3154}
CUSTOM - 2021-11-07 10:40:04 --> Order::index - /index.php/order: null
CUSTOM - 2021-11-07 10:40:39 --> Order::updateStatusShipment - /index.php/order/updateStatusShipment?shipment_id=3155&status=1: []
CUSTOM - 2021-11-07 10:41:44 --> Order::updateStatusShipment - /index.php/order/updateStatusShipment?shipment_id=3155&status=2: []
CUSTOM - 2021-11-07 10:42:01 --> Order::orderDelivered - /index.php/order/orderDelivered: {"order_id":"26125","price":4714500,"shipment_id":3155}
CUSTOM - 2021-11-07 10:42:02 --> Order::orderDelivered - /index.php/order/orderDelivered: {"order_id":"26137","price":3687500,"shipment_id":3155}
CUSTOM - 2021-11-07 10:42:02 --> Order::orderDelivered - /index.php/order/orderDelivered: {"order_id":"26127","price":4775000,"shipment_id":3155}
CUSTOM - 2021-11-07 10:42:02 --> Order::orderDelivered - /index.php/order/orderDelivered: {"order_id":"26136","price":3396500,"shipment_id":3155}
CUSTOM - 2021-11-07 10:42:02 --> Order::orderDelivered - /index.php/order/orderDelivered: {"order_id":"26138","price":10467500,"shipment_id":3155}
CUSTOM - 2021-11-07 10:42:02 --> Shipment::saveShipmentPaymentDetail - /index.php/shipment/saveShipmentPaymentDetail: {"shipment_id":3155,"payment_detail":[{"tien":500000,"soluong":100},{"tien":200000,"soluong":0},{"tien":100000,"soluong":8},{"tien":50000,"soluong":0},{"tien":20000,"soluong":2},{"tien":10000,"soluong":0},{"tien":5000,"soluong":0},{"tien":2000,"soluong":0},{"tien":1000,"soluong":1}]}
CUSTOM - 2021-11-07 10:42:02 --> Order::orderDelivered - /index.php/order/orderDelivered: {"order_id":"26142","price":9830500,"shipment_id":3155}
CUSTOM - 2021-11-07 10:42:03 --> Order::orderDelivered - /index.php/order/orderDelivered: {"order_id":"26141","price":2499500,"shipment_id":3155}
CUSTOM - 2021-11-07 10:42:03 --> Order::orderDelivered - /index.php/order/orderDelivered: {"order_id":"26134","price":4195000,"shipment_id":3155}
CUSTOM - 2021-11-07 10:42:03 --> Order::orderDelivered - /index.php/order/orderDelivered: {"order_id":"26131","price":3401500,"shipment_id":3155}
CUSTOM - 2021-11-07 10:42:04 --> Order::orderDelivered - /index.php/order/orderDelivered: {"order_id":"26123","price":3873500,"shipment_id":3155}
CUSTOM - 2021-11-07 13:11:25 --> Promotion::getByOrder - /index.php/promotion/getByOrder: {"totalValue":16810000,"detail":[{"id":"24","quantity":20},{"id":"15","quantity":20},{"id":"12","quantity":20},{"id":"1","quantity":60}]}
CUSTOM - 2021-11-07 13:11:41 --> Promotion::update - /index.php/promotion/update?i=93: {"meta":{"name":"Khuy\u1ebfn m\u00e3i","start_date":"2021-10-21","end_date":"2021-11-13T00:00:00.000Z"},"details":[{"id":"282","product_id":"1","receipt_amout":"0","product_number":"5","product_gift":"1","product_gift_no":"5","product_gift_unit":"2","money_discount":"","percent_discount":"","other_gift":""}]}
CUSTOM - 2021-11-07 13:11:46 --> Promotion::getByOrder - /index.php/promotion/getByOrder: {"totalValue":16810000,"detail":[{"id":"24","quantity":20},{"id":"15","quantity":20},{"id":"12","quantity":20},{"id":"1","quantity":60}]}
CUSTOM - 2021-11-07 13:11:55 --> Order::addOrder - /index.php/order/addOrder: {"note":"","lstProId":[{"id":"282","quantity":60,"unit_id":"2"}],"orders":[{"product_id":"24","cost":null,"unit":"","price":173000,"quantity":20,"total":"24"},{"product_id":"15","cost":null,"unit":"","price":198000,"quantity":20,"total":"15"},{"product_id":"12","cost":null,"unit":"","price":189000,"quantity":20,"total":"12"}],"total_price":11200000,"customer_id":"1258","saler":"11"}
CUSTOM - 2021-11-07 13:12:10 --> Order::index - /index.php/order: null
CUSTOM - 2021-11-07 13:13:10 --> Order::update - /index.php/order/update: {"note":"","lstProId":[{"id":"282","quantity":120,"unit_id":"2"}],"id":"26171","orders":[{"product_id":"12","cost":13,"unit":"","price":187000,"quantity":20,"total":"12"},{"product_id":"15","cost":16,"unit":"","price":196000,"quantity":20,"total":"15"},{"product_id":"24","cost":25,"unit":"","price":171000,"quantity":20,"total":"24"}],"total_price":11080000,"customer_id":"1258","saler":"11"}
CUSTOM - 2021-11-07 13:13:11 --> Order::index - /index.php/order: null
CUSTOM - 2021-11-07 13:14:55 --> Order::index - /index.php/order: null
CUSTOM - 2021-11-07 13:17:19 --> Order::update - /index.php/order/update: {"note":"","lstProId":[{"id":"282","quantity":120,"unit_id":"2"}],"id":"26171","orders":[{"product_id":"12","cost":13,"unit":"","price":187000,"quantity":20,"total":"12"},{"product_id":"15","cost":16,"unit":"","price":196000,"quantity":20,"total":"15"},{"product_id":"24","cost":25,"unit":"","price":171000,"quantity":20,"total":"24"}],"total_price":11080000,"customer_id":"1258","saler":"11"}
CUSTOM - 2021-11-07 13:17:20 --> Order::index - /index.php/order: null
CUSTOM - 2021-11-07 13:17:46 --> Order::createShipment - /index.php/order/createShipment: {"order":[{"id":"26168","customer_id":"1259","total_price":"11415000","delivery":"0","status":"2","shipment_id":"3158","created":"2021-11-07 08:59:00","note":"","order_code":"CH000026168","saler":"12","driver":"0","sub_driver":"0","saler_name":"Sup Ace","customer_name":null,"customer_address":"B\u00e1n l\u1ebb","customer_phone":"[]","customer_store_name":null,"total_box":110},{"id":"26169","customer_id":"1259","total_price":"6647000","delivery":"0","status":"2","shipment_id":"3158","created":"2021-11-07 09:34:41","note":"","order_code":"CH000026169","saler":"11","driver":"0","sub_driver":"0","saler_name":"A T\u00edn","customer_name":null,"customer_address":"B\u00e1n l\u1ebb","customer_phone":"[]","customer_store_name":null,"total_box":40},{"id":"26170","customer_id":"1259","total_price":"941000","delivery":"0","status":"2","shipment_id":"3158","created":"2021-11-07 09:42:27","note":"","order_code":"CH000026170","saler":"11","driver":"0","sub_driver":"0","saler_name":"A T\u00edn","customer_name":null,"customer_address":"B\u00e1n l\u1ebb","customer_phone":"[]","customer_store_name":null,"total_box":6},{"id":"26171","customer_id":"1258","total_price":"11080000","delivery":"0","status":"2","shipment_id":null,"created":"2021-11-07 13:11:55","note":"","order_code":"CH000026171","saler":"11","driver":null,"sub_driver":null,"saler_name":"A T\u00edn","customer_name":"C\u00f4 Ni","customer_address":"403\/6 H\u01b0\u01a1ng L\u1ed9 3","customer_phone":"[\"0934105368\"]","total_box":60}],"id":"3158","truck":"7","date":"2017-11-12","index":"1"}
