CUSTOM - 2022-10-31 08:57:55 --> Order::createShipment - /index.php/order/createShipment: {"order":[{"id":"45886","customer_id":"1233","total_price":"24480000","delivery":"0","status":"2","shipment_id":null,"created":"2022-08-31 12:45:03","note":"t2 l\u1ea5y","order_code":"CH000045886","saler":"1","driver":null,"sub_driver":null,"saler_name":"Sang Ace","customer_name":"Ng\u00e2n - Nguy\u00ean","customer_address":"35 \u1ef6 Lan","customer_phone":"[]","total_box":240},{"id":"46893","customer_id":"1148","total_price":"840000","delivery":"0","status":"2","shipment_id":null,"created":"2022-09-16 12:52:09","note":"t2 giao","order_code":"CH000046893","saler":"1","driver":null,"sub_driver":null,"saler_name":"Sang Ace","customer_name":"Tr\u01b0\u1eddng Tho\u1ea1i Ng\u1ecdc H\u1ea7u","customer_address":"24 Hu\u1ef3nh V\u0103n Ch\u00ednh (Trg TNH)","customer_phone":"[]","total_box":10}],"id":0,"truck":"2","date":"2022-10-31 00:00:00","index":1}
CUSTOM - 2022-10-31 08:58:04 --> Order::updateWarehouse - /index.php/order/updateWarehouse?ship_id=5403: {"info":{"id":"5403","truck_id":"2","driver":"0","sub_driver":["0"],"created":"2022-10-31 08:57:55","allow":"0","status":"0","date":"2022-10-30T17:00:00.000Z","index":"1","note":null,"order_detail":[{"id":"45886","customer_id":"1233","total_price":"24480000","delivery":"0","status":"2","shipment_id":"5403","created":"2022-08-31 12:45:03","note":"t2 l\u1ea5y","order_code":"CH000045886","saler":"1","old_debit":"0","last_bill":"0"},{"id":"46893","customer_id":"1148","total_price":"840000","delivery":"0","status":"2","shipment_id":"5403","created":"2022-09-16 12:52:09","note":"t2 giao","order_code":"CH000046893","saler":"1","old_debit":"0","last_bill":"0"}],"truck_name":"Trang-28245"},"truck_id":"2","driver":"0","sub_driver":["0"]}
CUSTOM - 2022-10-31 08:58:04 --> Order::saveDevided - /index.php/order/saveDevided: [{"id":"304226","quantity":2000},{"id":"304982","quantity":5}]
CUSTOM - 2022-10-31 09:30:09 --> Products::editProduct - /index.php/products/editProduct?id=58: {"name":"D\u1ea7u TA 1L","code":"D\u1ea7u TA 1L","description":null,"sale_unit":"14","primary_unit":"14","conversion_rate":1,"product_type":"7","list_price":[{"id":"1740","product_id":"58","parent_id":null,"name":"Bao","description":null,"quantity":"123","price":"678,678","unit":"14"}]}
CUSTOM - 2022-10-31 10:02:57 --> Products::editProduct - /index.php/products/editProduct?id=58: {"name":"D\u1ea7u TA 1L","code":"D\u1ea7u TA 1L","description":null,"sale_unit":"14","primary_unit":"14","conversion_rate":1,"product_type":"7","list_price":[{"id":"1741","product_id":"58","parent_id":null,"name":"Bao","description":null,"quantity":"100","price":"567,123","unit":"14"}]}
CUSTOM - 2022-10-31 10:03:50 --> Products::editProduct - /index.php/products/editProduct?id=58: {"name":"D\u1ea7u TA 1L","code":"D\u1ea7u TA 1L","description":null,"sale_unit":"16","primary_unit":"16","conversion_rate":1,"product_type":"7","list_price":[{"id":"1742","product_id":"58","parent_id":null,"name":"B\u00ecnh","description":null,"quantity":"123","price":"555,555","unit":"16"}]}
CUSTOM - 2022-10-31 12:25:51 --> Products::editProduct - /index.php/products/editProduct?id=58: {"name":"D\u1ea7u TA 1L","code":"D\u1ea7u TA 1L","description":null,"sale_unit":"60","primary_unit":"60","conversion_rate":1,"product_type":"7","list_price":[{"id":"1743","product_id":"58","parent_id":null,"name":"Phi\u1ebfu","description":null,"quantity":"678","price":"666,666","unit":"60"}]}
ERROR - 2022-10-31 12:25:51 --> Query error: Table 'npptinmi_websys.w' doesn't exist - Invalid query: UPDATE `warehouse_wholesale` SET `unit` = '1744'
WHERE `product_id` = '58'
CUSTOM - 2022-10-31 12:27:34 --> Products::editProduct - /index.php/products/editProduct?id=58: {"name":"D\u1ea7u TA 1L","code":"D\u1ea7u TA 1L","description":null,"sale_unit":"60","primary_unit":"60","conversion_rate":1,"product_type":"7","list_price":[{"id":"1744","product_id":"58","parent_id":null,"name":"Phi\u1ebfu","description":null,"quantity":"123333","price":"777,777","unit":"60"}]}
ERROR - 2022-10-31 12:27:34 --> Query error: Expression #3 of SELECT list is not in GROUP BY clause and contains nonaggregated column 'npptinmi_websys.w.unit' which is not functionally dependent on columns in GROUP BY clause; this is incompatible with sql_mode=only_full_group_by - Invalid query: UPDATE `warehouse_wholesale` SET `unit` = '1745'
WHERE `product_id` = '58'
CUSTOM - 2022-10-31 12:34:29 --> Products::editProduct - /index.php/products/editProduct?id=58: {"name":"D\u1ea7u TA 1L","code":"D\u1ea7u TA 1L","description":null,"sale_unit":"60","primary_unit":"60","conversion_rate":1,"product_type":"7","list_price":[{"id":"1745","product_id":"58","parent_id":null,"name":"Phi\u1ebfu","description":null,"quantity":"21","price":"111,111","unit":"60"}]}
ERROR - 2022-10-31 12:34:29 --> Query error: Table 'npptinmi_websys.w' doesn't exist - Invalid query: UPDATE `warehouse_wholesale` SET `unit` = '1746'
WHERE `product_id` = '58'
CUSTOM - 2022-10-31 12:37:42 --> Products::editProduct - /index.php/products/editProduct?id=58: {"name":"D\u1ea7u TA 1L","code":"D\u1ea7u TA 1L","description":null,"sale_unit":"60","primary_unit":"60","conversion_rate":1,"product_type":"7","list_price":[{"id":"1746","product_id":"58","parent_id":null,"name":"Phi\u1ebfu","description":null,"quantity":"21","price":"222","unit":"60"}]}
ERROR - 2022-10-31 12:37:42 --> Query error: Expression #3 of SELECT list is not in GROUP BY clause and contains nonaggregated column 'npptinmi_websys.w.unit' which is not functionally dependent on columns in GROUP BY clause; this is incompatible with sql_mode=only_full_group_by - Invalid query: UPDATE `warehouse_wholesale` SET `unit` = '1747'
WHERE `product_id` = '58'
CUSTOM - 2022-10-31 12:38:35 --> Order::addOrder - /index.php/order/addOrder: {"note":"","lstProId":[],"orders":[{"product_id":"58","cost":null,"unit":"","price":222,"quantity":13,"total":"58"}],"total_price":2886,"customer_id":"11","saler":"3"}
CUSTOM - 2022-10-31 12:39:40 --> Products::editProduct - /index.php/products/editProduct?id=58: {"name":"D\u1ea7u TA 1L","code":"D\u1ea7u TA 1L","description":null,"sale_unit":"60","primary_unit":"60","conversion_rate":1,"product_type":"7","list_price":[{"id":"1747","product_id":"58","parent_id":null,"name":"Phi\u1ebfu","description":null,"quantity":"22","price":"333","unit":"60"}]}
ERROR - 2022-10-31 12:39:40 --> Query error: Expression #3 of SELECT list is not in GROUP BY clause and contains nonaggregated column 'npptinmi_websys.w.unit' which is not functionally dependent on columns in GROUP BY clause; this is incompatible with sql_mode=only_full_group_by - Invalid query: UPDATE `warehouse_wholesale` SET `unit` = '1748'
WHERE `product_id` = '58'
CUSTOM - 2022-10-31 12:39:54 --> Products::editProduct - /index.php/products/editProduct?id=1: {"name":"H\u1ea3o chua 30g","code":"H\u1ea3o chua cay","description":null,"sale_unit":"1","primary_unit":"1","conversion_rate":1,"product_type":"12","list_price":[{"id":"1501","product_id":"1","parent_id":null,"name":"Th\u00f9ng","description":null,"quantity":"3","price":"105000","unit":"1"},{"id":"1502","product_id":"1","parent_id":"1501","name":"G\u00f3i","description":null,"quantity":"30","price":"3500","unit":"2","parent_name":"Th\u00f9ng"}]}
ERROR - 2022-10-31 12:39:54 --> Query error: Expression #3 of SELECT list is not in GROUP BY clause and contains nonaggregated column 'npptinmi_websys.w.unit' which is not functionally dependent on columns in GROUP BY clause; this is incompatible with sql_mode=only_full_group_by - Invalid query: UPDATE `warehouse_wholesale` SET `unit` = '1749'
WHERE `product_id` = '1'
CUSTOM - 2022-10-31 12:42:42 --> Products::editProduct - /index.php/products/editProduct?id=58: {"name":"D\u1ea7u TA 1L","code":"D\u1ea7u TA 1L","description":null,"sale_unit":"2","primary_unit":"2","conversion_rate":1,"product_type":"7","list_price":[{"id":"1700","product_id":"58","parent_id":null,"name":"G\u00f3i","description":null,"quantity":"2","price":"112,000","unit":"2"}]}
CUSTOM - 2022-10-31 12:46:01 --> Products::editProduct - /index.php/products/editProduct?id=58: {"name":"D\u1ea7u TA 1L","code":"D\u1ea7u TA 1L","description":null,"sale_unit":"6","primary_unit":"6","conversion_rate":1,"product_type":"7","list_price":[{"id":"1740","product_id":"58","parent_id":null,"name":"B\u1ecbch","description":null,"quantity":"3","price":"115,000","unit":"6"}]}
ERROR - 2022-10-31 12:46:01 --> Query error: Table 'npptinmi_websys.w' doesn't exist - Invalid query: UPDATE `warehouse_wholesale` SET `unit` = '1741'
WHERE `product_id` = '58'
CUSTOM - 2022-10-31 12:47:14 --> Products::editProduct - /index.php/products/editProduct?id=58: {"name":"D\u1ea7u TA 1L","code":"D\u1ea7u TA 1L","description":null,"sale_unit":"9","primary_unit":"9","conversion_rate":1,"product_type":"7","list_price":[{"id":"1741","product_id":"58","parent_id":null,"name":"V\u0129","description":null,"quantity":"5","price":"111,000","unit":"9"}]}
CUSTOM - 2022-10-31 13:55:12 --> Products::editProduct - /index.php/products/editProduct?id=58: {"name":"D\u1ea7u TA 1L","code":"D\u1ea7u TA 1L","description":null,"sale_unit":"10","primary_unit":"10","conversion_rate":1,"product_type":"7","list_price":[{"id":"1742","product_id":"58","parent_id":null,"name":"D\u00e2y","description":null,"quantity":"7","price":"115,000","unit":"10"}]}
CUSTOM - 2022-10-31 14:19:21 --> Products::editProduct - /index.php/products/editProduct?id=58: {"name":"D\u1ea7u TA 1L","code":"D\u1ea7u TA 1L","description":null,"sale_unit":"10","primary_unit":"10","conversion_rate":1,"product_type":"7","list_price":[{"id":"1743","product_id":"58","parent_id":null,"name":"D\u00e2y","description":null,"quantity":"7","price":"115000","unit":"10"}]}
CUSTOM - 2022-10-31 22:58:19 --> Products::editProduct - /index.php/products/editProduct?id=58: {"name":"D\u1ea7u TA 1L","code":"D\u1ea7u TA 1L","description":null,"sale_unit":"12","primary_unit":"12","conversion_rate":1,"product_type":"8","list_price":[{"id":"1744","product_id":"58","parent_id":null,"name":"Chai","description":null,"quantity":"6","price":"116,000","unit":"12"}]}
ERROR - 2022-10-31 22:58:19 --> Severity: Notice --> Undefined variable: table /Users/minhnguyen/Documents/works/npptinminh/staging-dev-npptin/application/controllers/Products.php 172
CUSTOM - 2022-10-31 22:58:53 --> Products::editProduct - /index.php/products/editProduct?id=58: {"name":"D\u1ea7u TA 1L","code":"D\u1ea7u TA 1L","description":null,"sale_unit":"13","primary_unit":"13","conversion_rate":1,"product_type":"8","list_price":[{"id":"1745","product_id":"58","parent_id":null,"name":"Tu\u00fdp","description":null,"quantity":"7","price":"112,000","unit":"13"}]}
CUSTOM - 2022-10-31 23:01:10 --> Products::editProduct - /index.php/products/editProduct?id=58: {"name":"D\u1ea7u TA 1L","code":"D\u1ea7u TA 1L","description":null,"sale_unit":"14","primary_unit":"14","conversion_rate":1,"product_type":"8","list_price":[{"id":"1746","product_id":"58","parent_id":null,"name":"Bao","description":null,"quantity":"8","price":"110,111","unit":"14"}]}
CUSTOM - 2022-10-31 23:04:20 --> Products::editProduct - /index.php/products/editProduct?id=58: {"name":"D\u1ea7u TA 1L","code":"D\u1ea7u TA 1L","description":null,"sale_unit":"15","primary_unit":"15","conversion_rate":1,"product_type":"8","list_price":[{"id":"1747","product_id":"58","parent_id":null,"name":"C\u1eb7p","description":null,"quantity":"8","price":"110111","unit":"15"}]}
CUSTOM - 2022-10-31 23:12:14 --> Products::editProduct - /index.php/products/editProduct?id=58: {"name":"D\u1ea7u TA 1L","code":"D\u1ea7u TA 1L","description":null,"sale_unit":"16","primary_unit":"16","conversion_rate":1,"product_type":"8","list_price":[{"id":"1748","product_id":"58","parent_id":null,"name":"B\u00ecnh","description":null,"quantity":"333","price":"123,123","unit":"16"}]}
ERROR - 2022-10-31 23:12:14 --> Severity: error --> Exception: Call to a member function result() on bool /Users/minhnguyen/Documents/works/npptinminh/staging-dev-npptin/application/controllers/Products.php 171
CUSTOM - 2022-10-31 23:13:03 --> Products::editProduct - /index.php/products/editProduct?id=58: {"name":"D\u1ea7u TA 1L","code":"D\u1ea7u TA 1L","description":null,"sale_unit":"55","primary_unit":"55","conversion_rate":1,"product_type":"8","list_price":[{"id":"1749","product_id":"58","parent_id":null,"name":"C\u00e1i","description":null,"quantity":"1","price":"500,000","unit":"55"}]}
ERROR - 2022-10-31 23:13:03 --> Severity: error --> Exception: Call to a member function result() on bool /Users/minhnguyen/Documents/works/npptinminh/staging-dev-npptin/application/controllers/Products.php 171
CUSTOM - 2022-10-31 23:19:16 --> Products::editProduct - /index.php/products/editProduct?id=58: {"name":"D\u1ea7u TA 1L","code":"D\u1ea7u TA 1L","description":null,"sale_unit":"56","primary_unit":"56","conversion_rate":1,"product_type":"8","list_price":[{"id":"1750","product_id":"58","parent_id":null,"name":"T\u00f4","description":null,"quantity":"2","price":"100,000","unit":"56"}]}
ERROR - 2022-10-31 23:19:16 --> Severity: error --> Exception: Call to a member function result() on bool /Users/minhnguyen/Documents/works/npptinminh/staging-dev-npptin/application/models/Warehouses_model.php 35
CUSTOM - 2022-10-31 23:24:12 --> Products::editProduct - /index.php/products/editProduct?id=58: {"name":"D\u1ea7u TA 1L","code":"D\u1ea7u TA 1L","description":null,"sale_unit":"58","primary_unit":"58","conversion_rate":1,"product_type":"8","list_price":[{"id":"1751","product_id":"58","parent_id":null,"name":"H\u0169","description":null,"quantity":"4","price":"111,111","unit":"58"}]}
ERROR - 2022-10-31 23:24:12 --> Query error: Expression #3 of SELECT list is not in GROUP BY clause and contains nonaggregated column 'npptinmi_websys.w.unit' which is not functionally dependent on columns in GROUP BY clause; this is incompatible with sql_mode=only_full_group_by - Invalid query: 
        INSERT INTO inventory_history (product_id, quantity, unit, odd_quantity, odd_unit, total_value, `date`)
		SELECT p.id                                                         as product_id,
			   sum(CASE WHEN w.quantity IS NULL THEN 0 ELSE w.quantity END) as quantity,
			   w.unit,
			   IF(o.quantity IS NULL, 0, o.quantity)                        as odd_quantity,
			   o.unit                                                       as odd_unit,
			   sum( CASE WHEN w.quantity IS NULL THEN 0 ELSE w.quantity * w.price END ) as total_value,
			   2022-10-31
		FROM products as p
				 LEFT JOIN warehouse_wholesale as w ON p.id = w.product_id
				 LEFT JOIN warehouse_odd_product as o on w.product_id = o.product_id
		group by p.id;
        
CUSTOM - 2022-10-31 23:25:08 --> Products::editProduct - /index.php/products/editProduct?id=58: {"name":"D\u1ea7u TA 1L","code":"D\u1ea7u TA 1L","description":null,"sale_unit":"60","primary_unit":"60","conversion_rate":1,"product_type":"8","list_price":[{"id":"1752","product_id":"58","parent_id":null,"name":"Phi\u1ebfu","description":null,"quantity":"6","price":"111111","unit":"60"}]}
ERROR - 2022-10-31 23:25:08 --> Query error: Expression #3 of SELECT list is not in GROUP BY clause and contains nonaggregated column 'npptinmi_websys.w.unit' which is not functionally dependent on columns in GROUP BY clause; this is incompatible with sql_mode=only_full_group_by - Invalid query: 
        INSERT INTO inventory_history (product_id, quantity, unit, odd_quantity, odd_unit, total_value, `date`)
		SELECT p.id                                                         as product_id,
			   sum(CASE WHEN w.quantity IS NULL THEN 0 ELSE w.quantity END) as quantity,
			   w.unit,
			   IF(o.quantity IS NULL, 0, o.quantity)                        as odd_quantity,
			   o.unit                                                       as odd_unit,
			   sum( CASE WHEN w.quantity IS NULL THEN 0 ELSE w.quantity * w.price END ) as total_value,
			   2022-10-31
		FROM products as p
				 LEFT JOIN warehouse_wholesale as w ON p.id = w.product_id
				 LEFT JOIN warehouse_odd_product as o on w.product_id = o.product_id
		group by p.id;
        
CUSTOM - 2022-10-31 23:38:22 --> Products::editProduct - /index.php/products/editProduct?id=58: {"name":"D\u1ea7u TA 1L","code":"D\u1ea7u TA 1L","description":null,"sale_unit":"60","primary_unit":"60","conversion_rate":1,"product_type":"8","list_price":[{"id":"1753","product_id":"58","parent_id":null,"name":"Phi\u1ebfu","description":null,"quantity":"1","price":"121,212","unit":"60"}]}
