ERROR - 2022-10-24 04:22:01 --> Severity: Notice --> Object of class stdClass could not be converted to int /Users/minhnguyen/Documents/works/npptinminh/staging-dev-npptin/application/controllers/Order.php 1666
ERROR - 2022-10-24 04:22:01 --> Severity: Notice --> Object of class stdClass could not be converted to int /Users/minhnguyen/Documents/works/npptinminh/staging-dev-npptin/application/controllers/Order.php 1666
ERROR - 2022-10-24 04:22:01 --> Severity: Notice --> Object of class stdClass could not be converted to int /Users/minhnguyen/Documents/works/npptinminh/staging-dev-npptin/application/controllers/Order.php 1666
ERROR - 2022-10-24 04:22:01 --> Severity: Notice --> Object of class stdClass could not be converted to int /Users/minhnguyen/Documents/works/npptinminh/staging-dev-npptin/application/controllers/Order.php 1666
ERROR - 2022-10-24 04:22:01 --> Severity: Notice --> Object of class stdClass could not be converted to int /Users/minhnguyen/Documents/works/npptinminh/staging-dev-npptin/application/controllers/Order.php 1666
ERROR - 2022-10-24 04:22:01 --> Severity: Notice --> Object of class stdClass could not be converted to int /Users/minhnguyen/Documents/works/npptinminh/staging-dev-npptin/application/controllers/Order.php 1666
ERROR - 2022-10-24 04:22:01 --> Severity: Notice --> Object of class stdClass could not be converted to int /Users/minhnguyen/Documents/works/npptinminh/staging-dev-npptin/application/controllers/Order.php 1666
ERROR - 2022-10-24 04:22:01 --> Severity: Notice --> Object of class stdClass could not be converted to int /Users/minhnguyen/Documents/works/npptinminh/staging-dev-npptin/application/controllers/Order.php 1666
ERROR - 2022-10-24 04:22:01 --> Severity: Notice --> Object of class stdClass could not be converted to int /Users/minhnguyen/Documents/works/npptinminh/staging-dev-npptin/application/controllers/Order.php 1666
ERROR - 2022-10-24 04:22:01 --> Severity: Notice --> Object of class stdClass could not be converted to int /Users/minhnguyen/Documents/works/npptinminh/staging-dev-npptin/application/controllers/Order.php 1666
ERROR - 2022-10-24 04:22:01 --> Severity: Notice --> Object of class stdClass could not be converted to int /Users/minhnguyen/Documents/works/npptinminh/staging-dev-npptin/application/controllers/Order.php 1666
ERROR - 2022-10-24 04:22:01 --> Severity: Notice --> Object of class stdClass could not be converted to int /Users/minhnguyen/Documents/works/npptinminh/staging-dev-npptin/application/controllers/Order.php 1666
ERROR - 2022-10-24 04:22:01 --> Severity: Notice --> Object of class stdClass could not be converted to int /Users/minhnguyen/Documents/works/npptinminh/staging-dev-npptin/application/controllers/Order.php 1666
ERROR - 2022-10-24 04:22:01 --> Severity: Notice --> Object of class stdClass could not be converted to int /Users/minhnguyen/Documents/works/npptinminh/staging-dev-npptin/application/controllers/Order.php 1666
ERROR - 2022-10-24 04:22:01 --> Severity: Notice --> Object of class stdClass could not be converted to int /Users/minhnguyen/Documents/works/npptinminh/staging-dev-npptin/application/controllers/Order.php 1666
ERROR - 2022-10-24 04:22:01 --> Severity: Notice --> Object of class stdClass could not be converted to int /Users/minhnguyen/Documents/works/npptinminh/staging-dev-npptin/application/controllers/Order.php 1666
ERROR - 2022-10-24 04:22:01 --> Severity: Notice --> Object of class stdClass could not be converted to int /Users/minhnguyen/Documents/works/npptinminh/staging-dev-npptin/application/controllers/Order.php 1666
ERROR - 2022-10-24 04:22:01 --> Severity: Notice --> Object of class stdClass could not be converted to int /Users/minhnguyen/Documents/works/npptinminh/staging-dev-npptin/application/controllers/Order.php 1666
ERROR - 2022-10-24 04:22:01 --> Severity: Notice --> Object of class stdClass could not be converted to int /Users/minhnguyen/Documents/works/npptinminh/staging-dev-npptin/application/controllers/Order.php 1666
ERROR - 2022-10-24 04:22:01 --> Severity: Notice --> Object of class stdClass could not be converted to int /Users/minhnguyen/Documents/works/npptinminh/staging-dev-npptin/application/controllers/Order.php 1666
ERROR - 2022-10-24 04:22:01 --> Severity: Notice --> Object of class stdClass could not be converted to int /Users/minhnguyen/Documents/works/npptinminh/staging-dev-npptin/application/controllers/Order.php 1666
ERROR - 2022-10-24 04:22:01 --> Severity: Notice --> Object of class stdClass could not be converted to int /Users/minhnguyen/Documents/works/npptinminh/staging-dev-npptin/application/controllers/Order.php 1666
ERROR - 2022-10-24 04:22:01 --> Severity: Notice --> Object of class stdClass could not be converted to int /Users/minhnguyen/Documents/works/npptinminh/staging-dev-npptin/application/controllers/Order.php 1666
ERROR - 2022-10-24 04:22:01 --> Severity: Notice --> Object of class stdClass could not be converted to int /Users/minhnguyen/Documents/works/npptinminh/staging-dev-npptin/application/controllers/Order.php 1666
ERROR - 2022-10-24 04:22:01 --> Severity: Notice --> Object of class stdClass could not be converted to int /Users/minhnguyen/Documents/works/npptinminh/staging-dev-npptin/application/controllers/Order.php 1666
ERROR - 2022-10-24 04:22:01 --> Severity: Notice --> Object of class stdClass could not be converted to int /Users/minhnguyen/Documents/works/npptinminh/staging-dev-npptin/application/controllers/Order.php 1666
ERROR - 2022-10-24 04:22:01 --> Severity: Notice --> Object of class stdClass could not be converted to int /Users/minhnguyen/Documents/works/npptinminh/staging-dev-npptin/application/controllers/Order.php 1666
ERROR - 2022-10-24 04:22:01 --> Severity: Notice --> Object of class stdClass could not be converted to int /Users/minhnguyen/Documents/works/npptinminh/staging-dev-npptin/application/controllers/Order.php 1666
ERROR - 2022-10-24 04:22:01 --> Severity: Notice --> Object of class stdClass could not be converted to int /Users/minhnguyen/Documents/works/npptinminh/staging-dev-npptin/application/controllers/Order.php 1666
ERROR - 2022-10-24 04:22:01 --> Severity: Notice --> Object of class stdClass could not be converted to int /Users/minhnguyen/Documents/works/npptinminh/staging-dev-npptin/application/controllers/Order.php 1666
ERROR - 2022-10-24 04:22:01 --> Severity: Notice --> Object of class stdClass could not be converted to int /Users/minhnguyen/Documents/works/npptinminh/staging-dev-npptin/application/controllers/Order.php 1666
ERROR - 2022-10-24 04:22:01 --> Severity: Notice --> Object of class stdClass could not be converted to int /Users/minhnguyen/Documents/works/npptinminh/staging-dev-npptin/application/controllers/Order.php 1666
ERROR - 2022-10-24 04:22:02 --> Severity: Notice --> Object of class stdClass could not be converted to int /Users/minhnguyen/Documents/works/npptinminh/staging-dev-npptin/application/controllers/Order.php 1666
ERROR - 2022-10-24 04:22:02 --> Severity: Notice --> Object of class stdClass could not be converted to int /Users/minhnguyen/Documents/works/npptinminh/staging-dev-npptin/application/controllers/Order.php 1666
ERROR - 2022-10-24 04:22:02 --> Severity: Notice --> Object of class stdClass could not be converted to int /Users/minhnguyen/Documents/works/npptinminh/staging-dev-npptin/application/controllers/Order.php 1666
ERROR - 2022-10-24 04:22:02 --> Severity: Notice --> Object of class stdClass could not be converted to int /Users/minhnguyen/Documents/works/npptinminh/staging-dev-npptin/application/controllers/Order.php 1666
ERROR - 2022-10-24 04:22:02 --> Severity: Notice --> Object of class stdClass could not be converted to int /Users/minhnguyen/Documents/works/npptinminh/staging-dev-npptin/application/controllers/Order.php 1666
ERROR - 2022-10-24 04:22:02 --> Severity: Notice --> Object of class stdClass could not be converted to int /Users/minhnguyen/Documents/works/npptinminh/staging-dev-npptin/application/controllers/Order.php 1666
ERROR - 2022-10-24 04:22:02 --> Severity: Notice --> Object of class stdClass could not be converted to int /Users/minhnguyen/Documents/works/npptinminh/staging-dev-npptin/application/controllers/Order.php 1666
ERROR - 2022-10-24 04:22:02 --> Severity: Notice --> Object of class stdClass could not be converted to int /Users/minhnguyen/Documents/works/npptinminh/staging-dev-npptin/application/controllers/Order.php 1666
ERROR - 2022-10-24 04:22:19 --> Severity: Notice --> Object of class stdClass could not be converted to int /Users/minhnguyen/Documents/works/npptinminh/staging-dev-npptin/application/controllers/Order.php 1666
ERROR - 2022-10-24 04:22:19 --> Severity: Notice --> Object of class stdClass could not be converted to int /Users/minhnguyen/Documents/works/npptinminh/staging-dev-npptin/application/controllers/Order.php 1666
ERROR - 2022-10-24 04:22:19 --> Severity: Notice --> Object of class stdClass could not be converted to int /Users/minhnguyen/Documents/works/npptinminh/staging-dev-npptin/application/controllers/Order.php 1666
ERROR - 2022-10-24 04:22:19 --> Severity: Notice --> Object of class stdClass could not be converted to int /Users/minhnguyen/Documents/works/npptinminh/staging-dev-npptin/application/controllers/Order.php 1666
ERROR - 2022-10-24 04:22:20 --> Severity: Notice --> Object of class stdClass could not be converted to int /Users/minhnguyen/Documents/works/npptinminh/staging-dev-npptin/application/controllers/Order.php 1666
ERROR - 2022-10-24 04:22:20 --> Severity: Notice --> Object of class stdClass could not be converted to int /Users/minhnguyen/Documents/works/npptinminh/staging-dev-npptin/application/controllers/Order.php 1666
ERROR - 2022-10-24 04:22:20 --> Severity: Notice --> Object of class stdClass could not be converted to int /Users/minhnguyen/Documents/works/npptinminh/staging-dev-npptin/application/controllers/Order.php 1666
ERROR - 2022-10-24 04:22:20 --> Severity: Notice --> Object of class stdClass could not be converted to int /Users/minhnguyen/Documents/works/npptinminh/staging-dev-npptin/application/controllers/Order.php 1666
ERROR - 2022-10-24 04:22:20 --> Severity: Notice --> Object of class stdClass could not be converted to int /Users/minhnguyen/Documents/works/npptinminh/staging-dev-npptin/application/controllers/Order.php 1666
ERROR - 2022-10-24 04:22:20 --> Severity: Notice --> Object of class stdClass could not be converted to int /Users/minhnguyen/Documents/works/npptinminh/staging-dev-npptin/application/controllers/Order.php 1666
ERROR - 2022-10-24 04:22:20 --> Severity: Notice --> Object of class stdClass could not be converted to int /Users/minhnguyen/Documents/works/npptinminh/staging-dev-npptin/application/controllers/Order.php 1666
ERROR - 2022-10-24 04:22:20 --> Severity: Notice --> Object of class stdClass could not be converted to int /Users/minhnguyen/Documents/works/npptinminh/staging-dev-npptin/application/controllers/Order.php 1666
ERROR - 2022-10-24 04:22:20 --> Severity: Notice --> Object of class stdClass could not be converted to int /Users/minhnguyen/Documents/works/npptinminh/staging-dev-npptin/application/controllers/Order.php 1666
ERROR - 2022-10-24 04:22:20 --> Severity: Notice --> Object of class stdClass could not be converted to int /Users/minhnguyen/Documents/works/npptinminh/staging-dev-npptin/application/controllers/Order.php 1666
ERROR - 2022-10-24 04:22:20 --> Severity: Notice --> Object of class stdClass could not be converted to int /Users/minhnguyen/Documents/works/npptinminh/staging-dev-npptin/application/controllers/Order.php 1666
ERROR - 2022-10-24 04:22:20 --> Severity: Notice --> Object of class stdClass could not be converted to int /Users/minhnguyen/Documents/works/npptinminh/staging-dev-npptin/application/controllers/Order.php 1666
ERROR - 2022-10-24 04:22:20 --> Severity: Notice --> Object of class stdClass could not be converted to int /Users/minhnguyen/Documents/works/npptinminh/staging-dev-npptin/application/controllers/Order.php 1666
ERROR - 2022-10-24 04:22:20 --> Severity: Notice --> Object of class stdClass could not be converted to int /Users/minhnguyen/Documents/works/npptinminh/staging-dev-npptin/application/controllers/Order.php 1666
ERROR - 2022-10-24 04:22:20 --> Severity: Notice --> Object of class stdClass could not be converted to int /Users/minhnguyen/Documents/works/npptinminh/staging-dev-npptin/application/controllers/Order.php 1666
ERROR - 2022-10-24 04:22:20 --> Severity: Notice --> Object of class stdClass could not be converted to int /Users/minhnguyen/Documents/works/npptinminh/staging-dev-npptin/application/controllers/Order.php 1666
ERROR - 2022-10-24 04:22:20 --> Severity: Notice --> Object of class stdClass could not be converted to int /Users/minhnguyen/Documents/works/npptinminh/staging-dev-npptin/application/controllers/Order.php 1666
ERROR - 2022-10-24 04:22:20 --> Severity: Notice --> Object of class stdClass could not be converted to int /Users/minhnguyen/Documents/works/npptinminh/staging-dev-npptin/application/controllers/Order.php 1666
ERROR - 2022-10-24 04:22:20 --> Severity: Notice --> Object of class stdClass could not be converted to int /Users/minhnguyen/Documents/works/npptinminh/staging-dev-npptin/application/controllers/Order.php 1666
ERROR - 2022-10-24 04:22:20 --> Severity: Notice --> Object of class stdClass could not be converted to int /Users/minhnguyen/Documents/works/npptinminh/staging-dev-npptin/application/controllers/Order.php 1666
ERROR - 2022-10-24 04:22:20 --> Severity: Notice --> Object of class stdClass could not be converted to int /Users/minhnguyen/Documents/works/npptinminh/staging-dev-npptin/application/controllers/Order.php 1666
ERROR - 2022-10-24 04:22:20 --> Severity: Notice --> Object of class stdClass could not be converted to int /Users/minhnguyen/Documents/works/npptinminh/staging-dev-npptin/application/controllers/Order.php 1666
ERROR - 2022-10-24 04:22:20 --> Severity: Notice --> Object of class stdClass could not be converted to int /Users/minhnguyen/Documents/works/npptinminh/staging-dev-npptin/application/controllers/Order.php 1666
ERROR - 2022-10-24 04:22:20 --> Severity: Notice --> Object of class stdClass could not be converted to int /Users/minhnguyen/Documents/works/npptinminh/staging-dev-npptin/application/controllers/Order.php 1666
ERROR - 2022-10-24 04:22:20 --> Severity: Notice --> Object of class stdClass could not be converted to int /Users/minhnguyen/Documents/works/npptinminh/staging-dev-npptin/application/controllers/Order.php 1666
ERROR - 2022-10-24 04:22:20 --> Severity: Notice --> Object of class stdClass could not be converted to int /Users/minhnguyen/Documents/works/npptinminh/staging-dev-npptin/application/controllers/Order.php 1666
ERROR - 2022-10-24 04:22:20 --> Severity: Notice --> Object of class stdClass could not be converted to int /Users/minhnguyen/Documents/works/npptinminh/staging-dev-npptin/application/controllers/Order.php 1666
ERROR - 2022-10-24 04:22:20 --> Severity: Notice --> Object of class stdClass could not be converted to int /Users/minhnguyen/Documents/works/npptinminh/staging-dev-npptin/application/controllers/Order.php 1666
ERROR - 2022-10-24 04:22:20 --> Severity: Notice --> Object of class stdClass could not be converted to int /Users/minhnguyen/Documents/works/npptinminh/staging-dev-npptin/application/controllers/Order.php 1666
ERROR - 2022-10-24 04:22:20 --> Severity: Notice --> Object of class stdClass could not be converted to int /Users/minhnguyen/Documents/works/npptinminh/staging-dev-npptin/application/controllers/Order.php 1666
ERROR - 2022-10-24 04:22:20 --> Severity: Notice --> Object of class stdClass could not be converted to int /Users/minhnguyen/Documents/works/npptinminh/staging-dev-npptin/application/controllers/Order.php 1666
ERROR - 2022-10-24 04:22:20 --> Severity: Notice --> Object of class stdClass could not be converted to int /Users/minhnguyen/Documents/works/npptinminh/staging-dev-npptin/application/controllers/Order.php 1666
ERROR - 2022-10-24 04:22:20 --> Severity: Notice --> Object of class stdClass could not be converted to int /Users/minhnguyen/Documents/works/npptinminh/staging-dev-npptin/application/controllers/Order.php 1666
ERROR - 2022-10-24 04:22:20 --> Severity: Notice --> Object of class stdClass could not be converted to int /Users/minhnguyen/Documents/works/npptinminh/staging-dev-npptin/application/controllers/Order.php 1666
ERROR - 2022-10-24 04:22:20 --> Severity: Notice --> Object of class stdClass could not be converted to int /Users/minhnguyen/Documents/works/npptinminh/staging-dev-npptin/application/controllers/Order.php 1666
ERROR - 2022-10-24 04:22:20 --> Severity: Notice --> Object of class stdClass could not be converted to int /Users/minhnguyen/Documents/works/npptinminh/staging-dev-npptin/application/controllers/Order.php 1666
CUSTOM - 2022-10-24 04:45:05 --> Order::addOrder - /index.php/order/addOrder: {"note":"","lstProId":[],"orders":[{"product_id":"7","cost":null,"unit":"","price":105000,"quantity":12,"total":"7"}],"total_price":1260000,"customer_id":"3","saler":"1"}
CUSTOM - 2022-10-24 04:45:48 --> Order::addOrder - /index.php/order/addOrder: {"note":"","lstProId":[],"orders":[{"product_id":"10","cost":null,"unit":"","price":211000,"quantity":12,"total":"10"}],"total_price":2532000,"customer_id":"12","saler":"3"}
CUSTOM - 2022-10-24 04:50:11 --> Order::addOrder - /index.php/order/addOrder: {"note":"","lstProId":[],"orders":[{"product_id":"10","cost":null,"unit":"","price":211000,"quantity":12,"total":"10"}],"total_price":2532000,"customer_id":"12","saler":"1"}
CUSTOM - 2022-10-24 04:51:24 --> Order::addOrder - /index.php/order/addOrder: {"note":"","lstProId":[],"orders":[{"product_id":"2","cost":null,"unit":"","price":105000,"quantity":12,"total":"2"}],"total_price":1260000,"customer_id":"12","saler":"2"}
CUSTOM - 2022-10-24 04:56:23 --> Order::addOrder - /index.php/order/addOrder: {"note":"","lstProId":[],"orders":[{"product_id":"10","cost":null,"unit":"","price":211000,"quantity":null,"total":"10"}],"total_price":0,"customer_id":"16","saler":"5"}
CUSTOM - 2022-10-24 05:25:54 --> Order::addOrder - /index.php/order/addOrder: {"note":"","lstProId":[],"orders":[{"product_id":"6","cost":null,"unit":"","price":105000,"quantity":12,"total":"6"}],"total_price":1260000,"customer_id":"16","saler":"3"}
CUSTOM - 2022-10-24 05:30:12 --> Products::editProduct - /index.php/products/editProduct?id=59: {"name":"D\u1ea7u TA 2L","code":"D\u1ea7u TA 2L","description":null,"sale_unit":"5","primary_unit":"5","conversion_rate":1,"product_type":"4","list_price":[{"id":"1701","product_id":"59","parent_id":null,"name":"L\u1ed1c","description":null,"quantity":"1","price":"123123","unit":"5"}]}
ERROR - 2022-10-24 05:30:12 --> Query error: TRIGGER command denied to user 'npptinmi'@'localhost' for table 'warehouse_wholesale' - Invalid query: UPDATE `warehouse_wholesale` SET `unit` = '1754'
WHERE `product_id` = '59'
CUSTOM - 2022-10-24 05:33:15 --> Products::editProduct - /index.php/products/editProduct?id=242: {"name":"B\u1ed9t ng\u1ecdt 1kg","code":null,"description":null,"sale_unit":"8","primary_unit":"8","conversion_rate":1,"product_type":"7","list_price":[{"id":"1753","product_id":"242","parent_id":null,"name":"Lon","description":null,"quantity":"4","price":"745000","unit":"8"}]}
ERROR - 2022-10-24 05:33:15 --> Query error: TRIGGER command denied to user 'npptinmi'@'localhost' for table 'warehouse_wholesale' - Invalid query: UPDATE `warehouse_wholesale` SET `unit` = '1755'
WHERE `product_id` = '242'
CUSTOM - 2022-10-24 05:34:03 --> Products::editProduct - /index.php/products/editProduct?id=241: {"name":"B\u1ed9t ng\u1ecdt 454","code":null,"description":null,"sale_unit":"1","primary_unit":"1","conversion_rate":1,"product_type":"7","list_price":[{"id":"1729","product_id":"241","parent_id":null,"name":"Th\u00f9ng","description":null,"quantity":"1","price":"123123","unit":"1"}]}
ERROR - 2022-10-24 05:34:03 --> Query error: TRIGGER command denied to user 'npptinmi'@'localhost' for table 'warehouse_wholesale' - Invalid query: UPDATE `warehouse_wholesale` SET `unit` = '1756'
WHERE `product_id` = '241'
CUSTOM - 2022-10-24 05:35:45 --> Products::editProduct - /index.php/products/editProduct?id=52: {"name":"H\u01b0ng th\u1ecbnh 40%","code":"M\u1eafm HT \u0111\u1eb7c s\u1ea3n 40%","description":null,"sale_unit":"4","primary_unit":"4","conversion_rate":1,"product_type":"7","list_price":[{"id":"1646","product_id":"52","parent_id":null,"name":"H\u1ed9p","description":null,"quantity":"1","price":"123123","unit":"4"}]}
ERROR - 2022-10-24 05:35:45 --> Query error: TRIGGER command denied to user 'npptinmi'@'localhost' for table 'warehouse_wholesale' - Invalid query: UPDATE `warehouse_wholesale` SET `unit` = '1757'
WHERE `product_id` = '52'
CUSTOM - 2022-10-24 05:38:04 --> Products::editProduct - /index.php/products/editProduct?id=58: {"name":"D\u1ea7u TA 1L","code":"D\u1ea7u TA 1L","description":null,"sale_unit":"1","primary_unit":"1","conversion_rate":1,"product_type":"7","list_price":[{"id":"1700","product_id":"58","parent_id":null,"name":"Th\u00f9ng","description":null,"quantity":"1","price":"515000","unit":"1"}]}
ERROR - 2022-10-24 05:38:04 --> Query error: TRIGGER command denied to user 'npptinmi'@'localhost' for table 'warehouse_wholesale' - Invalid query: UPDATE `warehouse_wholesale` SET `unit` = '1758'
WHERE `product_id` = '58'
CUSTOM - 2022-10-24 05:43:06 --> Products::editProduct - /index.php/products/editProduct?id=241: {"name":"B\u1ed9t ng\u1ecdt 454","code":null,"description":null,"sale_unit":"1","primary_unit":"1","conversion_rate":1,"product_type":"7","list_price":[{"id":"1756","product_id":"241","parent_id":null,"name":"Th\u00f9ng","description":null,"quantity":"1","price":"123123","unit":"1"}]}
ERROR - 2022-10-24 05:43:06 --> Query error: TRIGGER command denied to user 'npptinmi'@'localhost' for table 'warehouse_wholesale' - Invalid query: UPDATE `warehouse_wholesale` SET `unit` = '1759'
WHERE `product_id` = '241'
CUSTOM - 2022-10-24 09:51:56 --> Products::editProduct - /index.php/products/editProduct?id=242: {"name":"B\u1ed9t ng\u1ecdt 1kg","code":null,"description":null,"sale_unit":"8","primary_unit":"8","conversion_rate":1,"product_type":"12","list_price":[{"id":"1755","product_id":"242","parent_id":null,"name":"Lon","description":null,"quantity":"4","price":"123,123","unit":"8"}]}
ERROR - 2022-10-24 09:51:56 --> Query error: TRIGGER command denied to user 'npptinmi'@'localhost' for table 'warehouse_wholesale' - Invalid query: UPDATE `warehouse_wholesale` SET `unit` = '1760'
WHERE `product_id` = '242'
CUSTOM - 2022-10-24 09:52:07 --> Products::editProduct - /index.php/products/editProduct?id=188: {"name":"D\u1ea7u Happy Koki 1L","code":null,"description":null,"sale_unit":"1","primary_unit":"1","conversion_rate":1,"product_type":"7","list_price":[{"id":"1743","product_id":"188","parent_id":null,"name":"Th\u00f9ng","description":null,"quantity":"5","price":"520,001","unit":"1"}]}
ERROR - 2022-10-24 09:52:07 --> Query error: TRIGGER command denied to user 'npptinmi'@'localhost' for table 'warehouse_wholesale' - Invalid query: UPDATE `warehouse_wholesale` SET `unit` = '1761'
WHERE `product_id` = '188'
CUSTOM - 2022-10-24 09:59:09 --> Products::editProduct - /index.php/products/editProduct?id=241: {"name":"B\u1ed9t ng\u1ecdt 454","code":null,"description":null,"sale_unit":"1","primary_unit":"1","conversion_rate":1,"product_type":"7","list_price":[{"id":"1759","product_id":"241","parent_id":null,"name":"Th\u00f9ng","description":null,"quantity":"1","price":"123123","unit":"1"}]}
ERROR - 2022-10-24 09:59:09 --> Query error: TRIGGER command denied to user 'npptinmi'@'localhost' for table 'warehouse_wholesale' - Invalid query: UPDATE `warehouse_wholesale` SET `unit` = '1762'
WHERE `product_id` = '241'
CUSTOM - 2022-10-24 09:59:25 --> Products::editProduct - /index.php/products/editProduct?id=241: {"name":"B\u1ed9t ng\u1ecdt 454","code":null,"description":null,"sale_unit":"13","primary_unit":"13","conversion_rate":1,"product_type":"7","list_price":[{"id":"1762","product_id":"241","parent_id":null,"name":"Tu\u00fdp","description":null,"quantity":"1","price":"123123","unit":"13"}]}
ERROR - 2022-10-24 09:59:25 --> Query error: TRIGGER command denied to user 'npptinmi'@'localhost' for table 'warehouse_wholesale' - Invalid query: UPDATE `warehouse_wholesale` SET `unit` = '1763'
WHERE `product_id` = '241'
CUSTOM - 2022-10-24 10:02:49 --> Products::editProduct - /index.php/products/editProduct?id=241: {"name":"B\u1ed9t ng\u1ecdt 454","code":null,"description":null,"sale_unit":"13","primary_unit":"13","conversion_rate":1,"product_type":"7","list_price":[{"id":"1763","product_id":"241","parent_id":null,"name":"Tu\u00fdp","description":null,"quantity":"1","price":"123123","unit":"13"}]}
ERROR - 2022-10-24 10:02:49 --> Query error: TRIGGER command denied to user 'npptinmi'@'localhost' for table 'warehouse_wholesale' - Invalid query: UPDATE `warehouse_wholesale` SET `unit` = '1764'
WHERE `product_id` = '241'
CUSTOM - 2022-10-24 10:29:26 --> Order::addOrder - /index.php/order/addOrder: {"note":"","lstProId":[],"orders":[{"product_id":"2","cost":null,"unit":"","price":105000,"quantity":13,"total":"2"}],"total_price":1365000,"customer_id":"1","saler":"3"}
CUSTOM - 2022-10-24 12:45:23 --> Order::addOrder - /index.php/order/addOrder: {"note":"","lstProId":[],"orders":[{"product_id":"2","cost":null,"unit":"","price":105000,"quantity":13,"total":"2"}],"total_price":1365000,"customer_id":"16","saler":"3"}
CUSTOM - 2022-10-24 12:54:20 --> Products::editProduct - /index.php/products/editProduct?id=241: {"name":"B\u1ed9t ng\u1ecdt 454","code":null,"description":null,"sale_unit":"13","primary_unit":"13","conversion_rate":1,"product_type":"7","list_price":[{"id":"1764","product_id":"241","parent_id":null,"name":"Tu\u00fdp","description":null,"quantity":"1","price":"123123","unit":"13"}]}
ERROR - 2022-10-24 12:54:20 --> Query error: TRIGGER command denied to user 'npptinmi'@'localhost' for table 'warehouse_wholesale' - Invalid query: UPDATE `warehouse_wholesale` SET `unit` = '1765'
WHERE `product_id` = '241'
CUSTOM - 2022-10-24 12:54:26 --> Products::editProduct - /index.php/products/editProduct?id=241: {"name":"B\u1ed9t ng\u1ecdt 454","code":null,"description":null,"sale_unit":"13","primary_unit":"13","conversion_rate":1,"product_type":"7","list_price":[{"id":"1765","product_id":"241","parent_id":null,"name":"Tu\u00fdp","description":null,"quantity":"1","price":"123123","unit":"13"}]}
ERROR - 2022-10-24 12:54:26 --> Query error: TRIGGER command denied to user 'npptinmi'@'localhost' for table 'warehouse_wholesale' - Invalid query: UPDATE `warehouse_wholesale` SET `unit` = '1766'
WHERE `product_id` = '241'
CUSTOM - 2022-10-24 13:00:04 --> Products::editProduct - /index.php/products/editProduct?id=241: {"name":"B\u1ed9t ng\u1ecdt 454","code":null,"description":null,"sale_unit":"13","primary_unit":"13","conversion_rate":1,"product_type":"6","list_price":[{"id":"1766","product_id":"241","parent_id":null,"name":"Tu\u00fdp","description":null,"quantity":"1","price":"123123","unit":"13"}]}
ERROR - 2022-10-24 13:00:04 --> Query error: TRIGGER command denied to user 'npptinmi'@'localhost' for table 'warehouse_wholesale' - Invalid query: UPDATE `warehouse_wholesale` SET `unit` = '1767'
WHERE `product_id` = '241'
CUSTOM - 2022-10-24 13:00:28 --> Products::editProduct - /index.php/products/editProduct?id=188: {"name":"D\u1ea7u Happy Koki 1L","code":null,"description":null,"sale_unit":"4","primary_unit":"4","conversion_rate":1,"product_type":"7","list_price":[{"id":"1761","product_id":"188","parent_id":null,"name":"H\u1ed9p","description":null,"quantity":"5","price":"123","unit":"4"}]}
ERROR - 2022-10-24 13:00:28 --> Query error: TRIGGER command denied to user 'npptinmi'@'localhost' for table 'warehouse_wholesale' - Invalid query: UPDATE `warehouse_wholesale` SET `unit` = '1768'
WHERE `product_id` = '188'
CUSTOM - 2022-10-24 13:00:42 --> Products::editProduct - /index.php/products/editProduct?id=188: {"name":"D\u1ea7u Happy Koki 1L","code":null,"description":null,"sale_unit":"5","primary_unit":"5","conversion_rate":1,"product_type":"7","list_price":[{"id":"1768","product_id":"188","parent_id":null,"name":"L\u1ed1c","description":null,"quantity":"5","price":"456","unit":"5"}]}
ERROR - 2022-10-24 13:00:43 --> Query error: TRIGGER command denied to user 'npptinmi'@'localhost' for table 'warehouse_wholesale' - Invalid query: UPDATE `warehouse_wholesale` SET `unit` = '1769'
WHERE `product_id` = '188'
CUSTOM - 2022-10-24 13:04:10 --> Products::editProduct - /index.php/products/editProduct?id=188: {"name":"D\u1ea7u Happy Koki 1L","code":null,"description":null,"sale_unit":"5","primary_unit":"5","conversion_rate":1,"product_type":"7","list_price":[{"id":"1769","product_id":"188","parent_id":null,"name":"L\u1ed1c","description":null,"quantity":"5","price":"678","unit":"5"}]}
ERROR - 2022-10-24 13:04:10 --> Query error: TRIGGER command denied to user 'npptinmi'@'localhost' for table 'warehouse_wholesale' - Invalid query: UPDATE `warehouse_wholesale` SET `unit` = '1770'
WHERE `product_id` = '188'
CUSTOM - 2022-10-24 13:05:57 --> Order::addOrder - /index.php/order/addOrder: {"note":"","lstProId":[],"orders":[{"product_id":"2","cost":null,"unit":"","price":105000,"quantity":14,"total":"2"}],"total_price":1470000,"customer_id":"16","saler":"2"}
CUSTOM - 2022-10-24 13:06:23 --> Order::index - /index.php/order: null
CUSTOM - 2022-10-24 13:10:38 --> Products::editProduct - /index.php/products/editProduct?id=188: {"name":"D\u1ea7u Happy Koki 1L","code":null,"description":null,"sale_unit":"5","primary_unit":"5","conversion_rate":1,"product_type":"7","list_price":[{"id":"1770","product_id":"188","parent_id":null,"name":"L\u1ed1c","description":null,"quantity":"5","price":"1,234","unit":"5"}]}
ERROR - 2022-10-24 13:10:38 --> Query error: TRIGGER command denied to user 'npptinmi'@'localhost' for table 'warehouse_wholesale' - Invalid query: UPDATE `warehouse_wholesale` SET `unit` = '1771'
WHERE `product_id` = '188'
CUSTOM - 2022-10-24 13:11:06 --> Products::editProduct - /index.php/products/editProduct?id=188: {"name":"D\u1ea7u Happy Koki 1L","code":null,"description":null,"sale_unit":"5","primary_unit":"5","conversion_rate":1,"product_type":"7","list_price":[{"id":"1771","product_id":"188","parent_id":null,"name":"L\u1ed1c","description":null,"quantity":"5","price":"456","unit":"5"}]}
ERROR - 2022-10-24 13:11:06 --> Query error: TRIGGER command denied to user 'npptinmi'@'localhost' for table 'warehouse_wholesale' - Invalid query: UPDATE `warehouse_wholesale` SET `unit` = '1772'
WHERE `product_id` = '188'
CUSTOM - 2022-10-24 15:22:50 --> Order::createShipment - /index.php/order/createShipment: {"order":[{"id":"47101","customer_id":"11","total_price":"1260000","delivery":"0","status":"2","shipment_id":null,"created":"2022-10-18 10:31:55","note":"","order_code":"CH000047101","saler":"4","driver":null,"sub_driver":null,"saler_name":"H\u00e2n Ace","customer_name":"Anh X\u00edu 297 B\u00ecnh Long","customer_address":"297 B\u00ecnh Long","customer_phone":"[]","total_box":12},{"id":"47100","customer_id":"3","total_price":"525000","delivery":"0","status":"2","shipment_id":null,"created":"2022-10-18 09:58:39","note":"","order_code":"CH000047100","saler":"1","driver":null,"sub_driver":null,"saler_name":"Sang Ace","customer_name":"","customer_address":"86 \u1ea4p Chi\u1ebfn L\u01b0\u1ee3c","customer_phone":"[\"0908460192\"]","total_box":5}],"id":0,"truck":"4","date":"2022-10-24 00:00:00","index":1}
CUSTOM - 2022-10-24 15:26:31 --> Order::createShipment - /index.php/order/createShipment: {"order":[{"id":"47101","customer_id":"11","total_price":"1260000","delivery":"0","status":"2","shipment_id":null,"created":"2022-10-18 10:31:55","note":"","order_code":"CH000047101","saler":"4","driver":null,"sub_driver":null,"saler_name":"H\u00e2n Ace","customer_name":"Anh X\u00edu 297 B\u00ecnh Long","customer_address":"297 B\u00ecnh Long","customer_phone":"[]","total_box":12},{"id":"47100","customer_id":"3","total_price":"525000","delivery":"0","status":"2","shipment_id":null,"created":"2022-10-18 09:58:39","note":"","order_code":"CH000047100","saler":"1","driver":null,"sub_driver":null,"saler_name":"Sang Ace","customer_name":"","customer_address":"86 \u1ea4p Chi\u1ebfn L\u01b0\u1ee3c","customer_phone":"[\"0908460192\"]","total_box":5}],"id":5413,"truck":"4","date":"2022-10-24 00:00:00","index":1}
CUSTOM - 2022-10-24 15:26:32 --> Order::createShipment - /index.php/order/createShipment: {"order":[{"id":"47101","customer_id":"11","total_price":"1260000","delivery":"0","status":"2","shipment_id":null,"created":"2022-10-18 10:31:55","note":"","order_code":"CH000047101","saler":"4","driver":null,"sub_driver":null,"saler_name":"H\u00e2n Ace","customer_name":"Anh X\u00edu 297 B\u00ecnh Long","customer_address":"297 B\u00ecnh Long","customer_phone":"[]","total_box":12},{"id":"47100","customer_id":"3","total_price":"525000","delivery":"0","status":"2","shipment_id":null,"created":"2022-10-18 09:58:39","note":"","order_code":"CH000047100","saler":"1","driver":null,"sub_driver":null,"saler_name":"Sang Ace","customer_name":"","customer_address":"86 \u1ea4p Chi\u1ebfn L\u01b0\u1ee3c","customer_phone":"[\"0908460192\"]","total_box":5}],"id":5413,"truck":"4","date":"2022-10-24 00:00:00","index":1}
CUSTOM - 2022-10-24 15:26:39 --> Order::updateWarehouse - /index.php/order/updateWarehouse?ship_id=5413: {"info":{"id":"5413","truck_id":"4","driver":"0","sub_driver":["0"],"created":"2022-10-24 15:22:50","allow":"0","status":"0","date":"2022-10-23T17:00:00.000Z","index":"1","note":null,"order_detail":[{"id":"47100","customer_id":"3","total_price":"525000","delivery":"0","status":"2","shipment_id":"5413","created":"2022-10-18 09:58:39","note":"","order_code":"CH000047100","saler":"1","old_debit":"0","last_bill":"0"},{"id":"47101","customer_id":"11","total_price":"1260000","delivery":"0","status":"2","shipment_id":"5413","created":"2022-10-18 10:31:55","note":"","order_code":"CH000047101","saler":"4","old_debit":"0","last_bill":"0"}],"truck_name":"Lazada"},"truck_id":"4","driver":"0","sub_driver":["0"]}
CUSTOM - 2022-10-24 15:26:39 --> Order::saveDevided - /index.php/order/saveDevided: [{"id":"306030","quantity":5},{"id":"306031","quantity":12}]
CUSTOM - 2022-10-24 15:26:44 --> Order::updateWarehouse - /index.php/order/updateWarehouse?ship_id=5413: {"info":{"id":"5413","truck_id":"4","driver":"0","sub_driver":["0"],"created":"2022-10-24 15:22:50","allow":"0","status":"0","date":"2022-10-23T17:00:00.000Z","index":"1","note":null,"order_detail":[{"id":"47100","customer_id":"3","total_price":"525000","delivery":"0","status":"2","shipment_id":"5413","created":"2022-10-18 09:58:39","note":"","order_code":"CH000047100","saler":"1","old_debit":"0","last_bill":"0"},{"id":"47101","customer_id":"11","total_price":"1260000","delivery":"0","status":"2","shipment_id":"5413","created":"2022-10-18 10:31:55","note":"","order_code":"CH000047101","saler":"4","old_debit":"0","last_bill":"0"}],"truck_name":"Lazada"},"truck_id":"4","driver":"0","sub_driver":["0"]}
CUSTOM - 2022-10-24 15:26:44 --> Order::saveDevided - /index.php/order/saveDevided: [{"id":"306030","quantity":5},{"id":"306031","quantity":12}]
CUSTOM - 2022-10-24 15:39:47 --> Order::index - /index.php/order: null
CUSTOM - 2022-10-24 15:40:16 --> Order::update - /index.php/order/update: {"note":"","lstProId":[],"id":"46448","orders":[{"product_id":"1","cost":1,"unit":"","price":99000,"quantity":500,"total":"1"},{"product_id":"10","cost":10,"unit":"","price":203000,"quantity":123,"total":"10"}],"total_price":74469000,"customer_id":"1115","saler":"4"}
ERROR - 2022-10-24 15:40:16 --> Severity: Warning --> count(): Parameter must be an array or an object that implements Countable /Users/minhnguyen/Documents/works/npptinminh/staging-dev-npptin/application/controllers/Order.php 1583
ERROR - 2022-10-24 15:40:16 --> Severity: Warning --> count(): Parameter must be an array or an object that implements Countable /Users/minhnguyen/Documents/works/npptinminh/staging-dev-npptin/application/controllers/Order.php 1583
CUSTOM - 2022-10-24 15:40:18 --> Order::index - /index.php/order: null
CUSTOM - 2022-10-24 15:55:30 --> Order::update - /index.php/order/update: {"note":"","lstProId":[],"id":"46448","orders":[{"product_id":"1","cost":1,"unit":"","price":99000,"quantity":500,"total":"1"},{"product_id":"10","cost":10,"unit":"","price":203000,"quantity":123,"total":"10"}],"total_price":74469000,"customer_id":"1115","saler":"4"}
ERROR - 2022-10-24 15:55:30 --> Severity: Warning --> count(): Parameter must be an array or an object that implements Countable /Users/minhnguyen/Documents/works/npptinminh/staging-dev-npptin/application/controllers/Order.php 1583
ERROR - 2022-10-24 15:55:30 --> Severity: Warning --> count(): Parameter must be an array or an object that implements Countable /Users/minhnguyen/Documents/works/npptinminh/staging-dev-npptin/application/controllers/Order.php 1583
CUSTOM - 2022-10-24 15:55:31 --> Order::index - /index.php/order: null
CUSTOM - 2022-10-24 16:03:21 --> Order::update - /index.php/order/update: {"note":"","lstProId":[],"id":"46448","orders":[{"product_id":"1","cost":1,"unit":"","price":99000,"quantity":500,"total":"1"},{"product_id":"10","cost":10,"unit":"","price":203000,"quantity":123,"total":"10"}],"total_price":74469000,"customer_id":"1115","saler":"4"}
ERROR - 2022-10-24 16:03:21 --> Severity: Warning --> count(): Parameter must be an array or an object that implements Countable /Users/minhnguyen/Documents/works/npptinminh/staging-dev-npptin/application/controllers/Order.php 1583
ERROR - 2022-10-24 16:03:21 --> Severity: Warning --> count(): Parameter must be an array or an object that implements Countable /Users/minhnguyen/Documents/works/npptinminh/staging-dev-npptin/application/controllers/Order.php 1583
CUSTOM - 2022-10-24 16:03:22 --> Order::index - /index.php/order: null
CUSTOM - 2022-10-24 16:03:44 --> Order::index - /index.php/order: null
CUSTOM - 2022-10-24 16:11:11 --> Order::update - /index.php/order/update: {"note":"t2 l\u1ea5y","lstProId":[{"id":"503","quantity":300,"unit_id":"2"}],"id":"45886","orders":[{"product_id":"1","cost":1,"unit":"","price":102000,"quantity":100,"total":"1"}],"total_price":10200000,"customer_id":"1233","saler":"1"}
ERROR - 2022-10-24 16:11:11 --> Severity: Warning --> count(): Parameter must be an array or an object that implements Countable /Users/minhnguyen/Documents/works/npptinminh/staging-dev-npptin/application/controllers/Order.php 1583
CUSTOM - 2022-10-24 16:11:12 --> Order::index - /index.php/order: null
CUSTOM - 2022-10-24 16:22:55 --> Order::index - /index.php/order: null
CUSTOM - 2022-10-24 16:24:59 --> Order::index - /index.php/order: null
CUSTOM - 2022-10-24 16:25:25 --> Promotion::getByOrder - /index.php/promotion/getByOrder: {"totalValue":6742000,"detail":[{"id":"70","quantity":23},{"id":"160","quantity":15}]}
CUSTOM - 2022-10-24 16:40:52 --> Promotion::getByOrder - /index.php/promotion/getByOrder: {"totalValue":8870000,"detail":[{"id":"70","quantity":30},{"id":"160","quantity":20}]}
CUSTOM - 2022-10-24 16:40:55 --> Order::update - /index.php/order/update: {"note":"","lstProId":[],"id":"47046","orders":[{"product_id":"70","cost":370,"unit":"","price":179000,"quantity":30,"total":"70"},{"product_id":"160","cost":318,"unit":"","price":175000,"quantity":20,"total":"160"}],"total_price":8870000,"customer_id":"2303","saler":"16"}
CUSTOM - 2022-10-24 16:41:28 --> Order::update - /index.php/order/update: {"note":"","lstProId":[],"id":"47046","orders":[{"product_id":"70","cost":370,"unit":"","price":179000,"quantity":30,"total":"70"},{"product_id":"160","cost":318,"unit":"","price":175000,"quantity":20,"total":"160"}],"total_price":8870000,"customer_id":"2303","saler":"16"}
ERROR - 2022-10-24 16:41:28 --> Severity: Warning --> count(): Parameter must be an array or an object that implements Countable /Users/minhnguyen/Documents/works/npptinminh/staging-dev-npptin/application/controllers/Order.php 1589
ERROR - 2022-10-24 16:41:28 --> Severity: Warning --> count(): Parameter must be an array or an object that implements Countable /Users/minhnguyen/Documents/works/npptinminh/staging-dev-npptin/application/controllers/Order.php 1589
CUSTOM - 2022-10-24 16:45:23 --> Order::update - /index.php/order/update: {"note":"","lstProId":[],"id":"47046","orders":[{"product_id":"70","cost":370,"unit":"","price":179000,"quantity":30,"total":"70"},{"product_id":"160","cost":318,"unit":"","price":175000,"quantity":25,"total":"160"}],"total_price":9745000,"customer_id":"2303","saler":"16"}
ERROR - 2022-10-24 16:45:23 --> Severity: Warning --> count(): Parameter must be an array or an object that implements Countable /Users/minhnguyen/Documents/works/npptinminh/staging-dev-npptin/application/controllers/Order.php 1589
ERROR - 2022-10-24 16:45:23 --> Severity: Warning --> count(): Parameter must be an array or an object that implements Countable /Users/minhnguyen/Documents/works/npptinminh/staging-dev-npptin/application/controllers/Order.php 1589
CUSTOM - 2022-10-24 16:45:24 --> Order::index - /index.php/order: null
CUSTOM - 2022-10-24 16:59:40 --> Products::editProduct - /index.php/products/editProduct?id=58: {"name":"D\u1ea7u TA 1L","code":"D\u1ea7u TA 1L","description":null,"sale_unit":"1","primary_unit":"1","conversion_rate":1,"product_type":"7","list_price":[{"id":"1758","product_id":"58","parent_id":null,"name":"Th\u00f9ng","description":null,"quantity":"1","price":"515000","unit":"1"}]}
ERROR - 2022-10-24 16:59:40 --> Query error: TRIGGER command denied to user 'npptinmi'@'localhost' for table 'warehouse_wholesale' - Invalid query: UPDATE `warehouse_wholesale` SET `unit` = '1773'
WHERE `product_id` = '58'
CUSTOM - 2022-10-24 17:00:32 --> Products::editProduct - /index.php/products/editProduct?id=58: {"name":"D\u1ea7u TA 1L","code":"D\u1ea7u TA 1L","description":null,"sale_unit":"1","primary_unit":"1","conversion_rate":1,"product_type":"7","list_price":[{"id":"1773","product_id":"58","parent_id":null,"name":"Th\u00f9ng","description":null,"quantity":"1","price":"123,123","unit":"1"}]}
ERROR - 2022-10-24 17:00:32 --> Query error: TRIGGER command denied to user 'npptinmi'@'localhost' for table 'warehouse_wholesale' - Invalid query: UPDATE `warehouse_wholesale` SET `unit` = '1774'
WHERE `product_id` = '58'
CUSTOM - 2022-10-24 17:01:35 --> Products::editProduct - /index.php/products/editProduct?id=58: {"name":"D\u1ea7u TA 1L","code":"D\u1ea7u TA 1L","description":null,"sale_unit":"1","primary_unit":"1","conversion_rate":1,"product_type":"7","list_price":[{"id":"1774","product_id":"58","parent_id":null,"name":"Th\u00f9ng","description":null,"quantity":"1","price":"123123","unit":"1"}]}
ERROR - 2022-10-24 17:01:35 --> Query error: TRIGGER command denied to user 'npptinmi'@'localhost' for table 'warehouse_wholesale' - Invalid query: UPDATE `warehouse_wholesale` SET `unit` = '1775'
WHERE `product_id` = '58'
CUSTOM - 2022-10-24 17:04:49 --> Products::editProduct - /index.php/products/editProduct?id=58: {"name":"D\u1ea7u TA 1L","code":"D\u1ea7u TA 1L","description":null,"sale_unit":"1","primary_unit":"1","conversion_rate":1,"product_type":"7","list_price":[{"id":"1775","product_id":"58","parent_id":null,"name":"Th\u00f9ng","description":null,"quantity":"1","price":"123123","unit":"1"}]}
ERROR - 2022-10-24 17:04:49 --> Query error: TRIGGER command denied to user 'npptinmi'@'localhost' for table 'warehouse_wholesale' - Invalid query: UPDATE `warehouse_wholesale` SET `unit` = '1776'
WHERE `product_id` = '58'
CUSTOM - 2022-10-24 17:16:20 --> Products::editProduct - /index.php/products/editProduct?id=188: {"name":"D\u1ea7u Happy Koki 1L","code":null,"description":null,"sale_unit":"5","primary_unit":"5","conversion_rate":1,"product_type":"7","list_price":[{"id":"1772","product_id":"188","parent_id":null,"name":"L\u1ed1c","description":null,"quantity":"5","price":"123,123","unit":"5"}]}
CUSTOM - 2022-10-24 17:18:31 --> Products::editProduct - /index.php/products/editProduct?id=188: {"name":"D\u1ea7u Happy Koki 1L","code":null,"description":null,"sale_unit":"5","primary_unit":"5","conversion_rate":1,"product_type":"7","list_price":[{"id":"1777","product_id":"188","parent_id":null,"name":"L\u1ed1c","description":null,"quantity":"5","price":"345,345","unit":"5"}]}
ERROR - 2022-10-24 17:18:31 --> Query error: TRIGGER command denied to user 'npptinmi'@'localhost' for table 'warehouse_wholesale' - Invalid query: UPDATE `warehouse_wholesale` SET `unit` = '1778'
WHERE `product_id` = '188'
CUSTOM - 2022-10-24 17:18:49 --> Products::editProduct - /index.php/products/editProduct?id=188: {"name":"D\u1ea7u Happy Koki 1L","code":null,"description":null,"sale_unit":"5","primary_unit":"5","conversion_rate":1,"product_type":"7","list_price":[{"id":"1778","product_id":"188","parent_id":null,"name":"L\u1ed1c","description":null,"quantity":"5","price":"345345","unit":"5"}]}
ERROR - 2022-10-24 17:18:49 --> Query error: TRIGGER command denied to user 'npptinmi'@'localhost' for table 'warehouse_wholesale' - Invalid query: UPDATE `warehouse_wholesale` SET `unit` = '1779'
WHERE `product_id` = '188'
CUSTOM - 2022-10-24 17:19:03 --> Products::editProduct - /index.php/products/editProduct?id=188: {"name":"D\u1ea7u Happy Koki 1L","code":null,"description":null,"sale_unit":"5","primary_unit":"5","conversion_rate":1,"product_type":"7","list_price":[{"id":"1779","product_id":"188","parent_id":null,"name":"L\u1ed1c","description":null,"quantity":"5","price":"123,123","unit":"5"}]}
ERROR - 2022-10-24 17:19:03 --> Query error: TRIGGER command denied to user 'npptinmi'@'localhost' for table 'warehouse_wholesale' - Invalid query: UPDATE `warehouse_wholesale` SET `unit` = '1780'
WHERE `product_id` = '188'
CUSTOM - 2022-10-24 17:19:39 --> Products::editProduct - /index.php/products/editProduct?id=188: {"name":"D\u1ea7u Happy Koki 1L","code":null,"description":null,"sale_unit":"5","primary_unit":"5","conversion_rate":1,"product_type":"7","list_price":[{"id":"1780","product_id":"188","parent_id":null,"name":"L\u1ed1c","description":null,"quantity":"5","price":"123123","unit":"5"}]}
ERROR - 2022-10-24 17:19:40 --> Query error: TRIGGER command denied to user 'npptinmi'@'localhost' for table 'warehouse_wholesale' - Invalid query: UPDATE `warehouse_wholesale` SET `unit` = '1781'
WHERE `product_id` = '188'
CUSTOM - 2022-10-24 17:20:48 --> Products::editProduct - /index.php/products/editProduct?id=188: {"name":"D\u1ea7u Happy Koki 1L","code":null,"description":null,"sale_unit":"5","primary_unit":"5","conversion_rate":1,"product_type":"7","list_price":[{"id":"1781","product_id":"188","parent_id":null,"name":"L\u1ed1c","description":null,"quantity":"5","price":"8,98989","unit":"5"}]}
ERROR - 2022-10-24 17:20:48 --> Query error: TRIGGER command denied to user 'npptinmi'@'localhost' for table 'warehouse_wholesale' - Invalid query: UPDATE `warehouse_wholesale` SET `unit` = '1782'
WHERE `product_id` = '188'
CUSTOM - 2022-10-24 17:21:02 --> Products::editProduct - /index.php/products/editProduct?id=58: {"name":"D\u1ea7u TA 1L","code":"D\u1ea7u TA 1L","description":null,"sale_unit":"7","primary_unit":"7","conversion_rate":1,"product_type":"7","list_price":[{"id":"1776","product_id":"58","parent_id":null,"name":"C\u00e2y","description":null,"quantity":"1","price":"345345","unit":"7"}]}
ERROR - 2022-10-24 17:21:02 --> Query error: TRIGGER command denied to user 'npptinmi'@'localhost' for table 'warehouse_wholesale' - Invalid query: UPDATE `warehouse_wholesale` SET `unit` = '1783'
WHERE `product_id` = '58'
CUSTOM - 2022-10-24 17:21:17 --> Products::editProduct - /index.php/products/editProduct?id=188: {"name":"D\u1ea7u Happy Koki 1L","code":null,"description":null,"sale_unit":"7","primary_unit":"7","conversion_rate":1,"product_type":"7","list_price":[{"id":"1782","product_id":"188","parent_id":null,"name":"C\u00e2y","description":null,"quantity":"5","price":"123123","unit":"7"}]}
ERROR - 2022-10-24 17:21:17 --> Query error: TRIGGER command denied to user 'npptinmi'@'localhost' for table 'warehouse_wholesale' - Invalid query: UPDATE `warehouse_wholesale` SET `unit` = '1784'
WHERE `product_id` = '188'
CUSTOM - 2022-10-24 17:21:48 --> Products::editProduct - /index.php/products/editProduct?id=188: {"name":"D\u1ea7u Happy Koki 1L","code":null,"description":null,"sale_unit":"7","primary_unit":"7","conversion_rate":1,"product_type":"7","list_price":[{"id":"1784","product_id":"188","parent_id":null,"name":"C\u00e2y","description":null,"quantity":"5","price":"4,54545","unit":"7"}]}
ERROR - 2022-10-24 17:21:48 --> Query error: TRIGGER command denied to user 'npptinmi'@'localhost' for table 'warehouse_wholesale' - Invalid query: UPDATE `warehouse_wholesale` SET `unit` = '1785'
WHERE `product_id` = '188'
CUSTOM - 2022-10-24 17:25:11 --> Products::editProduct - /index.php/products/editProduct?id=58: {"name":"D\u1ea7u TA 1L","code":"D\u1ea7u TA 1L","description":null,"sale_unit":"7","primary_unit":"7","conversion_rate":1,"product_type":"7","list_price":[{"id":"1783","product_id":"58","parent_id":null,"name":"C\u00e2y","description":null,"quantity":"1","price":"123,123","unit":"7"}]}
ERROR - 2022-10-24 17:25:12 --> Query error: TRIGGER command denied to user 'npptinmi'@'localhost' for table 'warehouse_wholesale' - Invalid query: UPDATE `warehouse_wholesale` SET `unit` = '1786'
WHERE `product_id` = '58'
ERROR - 2022-10-24 17:25:17 --> Severity: Notice --> Trying to get property 'list_price' of non-object /Users/minhnguyen/Documents/works/npptinminh/staging-dev-npptin/application/controllers/Products.php 133
ERROR - 2022-10-24 17:25:17 --> Severity: Warning --> Invalid argument supplied for foreach() /Users/minhnguyen/Documents/works/npptinminh/staging-dev-npptin/application/controllers/Products.php 138
ERROR - 2022-10-24 17:25:17 --> Severity: Notice --> Trying to get property 'id' of non-object /Users/minhnguyen/Documents/works/npptinminh/staging-dev-npptin/application/controllers/Products.php 160
ERROR - 2022-10-24 17:25:17 --> Severity: Notice --> Trying to get property 'id' of non-object /Users/minhnguyen/Documents/works/npptinminh/staging-dev-npptin/application/controllers/Products.php 161
ERROR - 2022-10-24 17:25:17 --> Severity: Notice --> Trying to get property 'id' of non-object /Users/minhnguyen/Documents/works/npptinminh/staging-dev-npptin/application/controllers/Products.php 162
ERROR - 2022-10-24 17:25:17 --> Severity: Notice --> Trying to get property 'id' of non-object /Users/minhnguyen/Documents/works/npptinminh/staging-dev-npptin/application/controllers/Products.php 163
ERROR - 2022-10-24 17:25:17 --> Query error: TRIGGER command denied to user 'npptinmi'@'localhost' for table 'warehouse_wholesale' - Invalid query: UPDATE `warehouse_wholesale` SET `unit` = NULL
WHERE `product_id` = '58'
ERROR - 2022-10-24 18:57:52 --> Severity: Notice --> Undefined property: stdClass::$price /Users/minhnguyen/Documents/works/npptinminh/staging-dev-npptin/application/controllers/Products.php 147
ERROR - 2022-10-24 18:57:52 --> Query error: TRIGGER command denied to user 'npptinmi'@'localhost' for table 'warehouse_wholesale' - Invalid query: UPDATE `warehouse_wholesale` SET `unit` = '1787'
WHERE `product_id` = '58'
CUSTOM - 2022-10-24 19:00:02 --> Products::editProduct - /index.php/products/editProduct?id=60: {"name":"D\u1ea7u TA 5L","code":"D\u1ea7u TA 5L","description":null,"sale_unit":"1","primary_unit":"1","conversion_rate":1,"product_type":"7","list_price":[{"id":"1749","product_id":"60","parent_id":null,"name":"Th\u00f9ng","description":null,"quantity":"1","price":"123123","unit":"1"}]}
ERROR - 2022-10-24 19:00:02 --> Query error: TRIGGER command denied to user 'npptinmi'@'localhost' for table 'warehouse_wholesale' - Invalid query: UPDATE `warehouse_wholesale` SET `unit` = '1788'
WHERE `product_id` = '60'
CUSTOM - 2022-10-24 19:02:10 --> Products::editProduct - /index.php/products/editProduct?id=58: {"name":"D\u1ea7u TA 1L","code":"D\u1ea7u TA 1L","description":null,"sale_unit":"7","primary_unit":"7","conversion_rate":1,"product_type":"7","list_price":[{"id":"1787","product_id":"58","parent_id":null,"name":"C\u00e2y","description":null,"quantity":"1","price":"123,123","unit":"7"}]}
ERROR - 2022-10-24 19:02:10 --> Query error: TRIGGER command denied to user 'npptinmi'@'localhost' for table 'warehouse_wholesale' - Invalid query: UPDATE `warehouse_wholesale` SET `unit` = '1789'
WHERE `product_id` = '58'
ERROR - 2022-10-24 19:04:35 --> Query error: TRIGGER command denied to user 'npptinmi'@'localhost' for table 'warehouse_wholesale' - Invalid query: UPDATE `warehouse_wholesale` SET `unit` = '1790'
WHERE `product_id` = '58'
ERROR - 2022-10-24 20:04:52 --> Query error: TRIGGER command denied to user 'npptinmi'@'localhost' for table 'warehouse_wholesale' - Invalid query: UPDATE `warehouse_wholesale` SET `unit` = '1791'
WHERE `product_id` = '58'
CUSTOM - 2022-10-24 20:06:15 --> Products::editProduct - /index.php/products/editProduct?id=58: {"name":"D\u1ea7u TA 1L","code":"D\u1ea7u TA 1L","description":null,"sale_unit":"8","primary_unit":"8","conversion_rate":1,"product_type":"7","list_price":[{"id":"","name":"Lon","quantity":"3","price":"123,123","parent_name":"","parent_id":"","unit":"8"}]}
ERROR - 2022-10-24 20:06:15 --> Query error: TRIGGER command denied to user 'npptinmi'@'localhost' for table 'warehouse_wholesale' - Invalid query: UPDATE `warehouse_wholesale` SET `unit` = '1792'
WHERE `product_id` = '58'
ERROR - 2022-10-24 20:06:53 --> Query error: TRIGGER command denied to user 'npptinmi'@'localhost' for table 'warehouse_wholesale' - Invalid query: UPDATE `warehouse_wholesale` SET `unit` = '1793'
WHERE `product_id` = '58'
ERROR - 2022-10-24 20:09:11 --> Severity: Notice --> Undefined property: Products::$products_buy_price_model /Users/minhnguyen/Documents/works/npptinminh/staging-dev-npptin/application/controllers/Products.php 164
ERROR - 2022-10-24 20:09:11 --> Severity: error --> Exception: Call to a member function update() on null /Users/minhnguyen/Documents/works/npptinminh/staging-dev-npptin/application/controllers/Products.php 164
ERROR - 2022-10-24 20:09:28 --> Query error: TRIGGER command denied to user 'npptinmi'@'localhost' for table 'warehouse_wholesale' - Invalid query: UPDATE `warehouse_wholesale` SET `unit` = '1795'
WHERE `product_id` = '58'
ERROR - 2022-10-24 20:09:45 --> Query error: TRIGGER command denied to user 'npptinmi'@'localhost' for table 'warehouse_wholesale' - Invalid query: UPDATE `warehouse_wholesale` SET `unit` = '1796'
WHERE `product_id` = '58'
ERROR - 2022-10-24 20:10:48 --> Query error: TRIGGER command denied to user 'npptinmi'@'localhost' for table 'warehouse_wholesale' - Invalid query: UPDATE `warehouse_wholesale` SET `unit` = '1797'
WHERE `product_id` = '58'
ERROR - 2022-10-24 20:14:42 --> Query error: TRIGGER command denied to user 'npptinmi'@'localhost' for table 'warehouse_wholesale' - Invalid query: UPDATE `warehouse_wholesale` SET `unit` = '1801'
WHERE `product_id` = '58'
CUSTOM - 2022-10-24 20:15:17 --> Products::editProduct - /index.php/products/editProduct?id=58: {"name":"D\u1ea7u TA 1L","code":"D\u1ea7u TA 1L","description":null,"sale_unit":"8","primary_unit":"8","conversion_rate":1,"product_type":"7","list_price":[{"id":"1801","product_id":"58","parent_id":null,"name":"Lon","description":null,"quantity":"1","price":"123,123","unit":"8"}]}
ERROR - 2022-10-24 20:15:17 --> Query error: TRIGGER command denied to user 'npptinmi'@'localhost' for table 'warehouse_wholesale' - Invalid query: UPDATE `warehouse_wholesale` SET `unit` = '1802'
WHERE `product_id` = '58'
