CUSTOM - 2022-10-21 09:09:18 --> Order::addOrder - /index.php/order/addOrder: {"note":"","lstProId":[],"orders":[{"product_id":"12","cost":null,"unit":"","price":211000,"quantity":15,"total":"12"},{"product_id":"14","cost":null,"unit":"","price":215000,"quantity":20,"total":"14"},{"product_id":"18","cost":null,"unit":"","price":211000,"quantity":50,"total":"18"},{"product_id":"21","cost":null,"unit":"","price":178000,"quantity":50,"total":"21"},{"product_id":"24","cost":null,"unit":"","price":190000,"quantity":50,"total":"24"},{"product_id":"27","cost":null,"unit":"","price":168000,"quantity":100,"total":"27"},{"product_id":"25","cost":null,"unit":"","price":190000,"quantity":12,"total":"25"},{"product_id":"26","cost":null,"unit":"","price":168000,"quantity":50,"total":"26"}],"total_price":63895000,"customer_id":"11","saler":"1"}
CUSTOM - 2022-10-21 09:12:28 --> Order::addOrder - /index.php/order/addOrder: {"note":"","lstProId":[],"orders":[{"product_id":"2","cost":null,"unit":"","price":105000,"quantity":50,"total":"2"},{"product_id":"9","cost":null,"unit":"","price":276000,"quantity":50,"total":"9"},{"product_id":"14","cost":null,"unit":"","price":215000,"quantity":100,"total":"14"},{"product_id":"17","cost":null,"unit":"","price":285000,"quantity":100,"total":"17"}],"total_price":69050000,"customer_id":"12","saler":"1"}
CUSTOM - 2022-10-21 09:18:02 --> Order::createShipment - /index.php/order/createShipment: {"order":[{"id":"47109","customer_id":"11","total_price":"63895000","delivery":"0","status":"2","shipment_id":null,"created":"2022-10-21 09:09:18","note":"","order_code":"CH000047109","saler":"1","driver":null,"sub_driver":null,"saler_name":"Sang Ace","customer_name":"Anh X\u00edu 297 B\u00ecnh Long","customer_address":"297 B\u00ecnh Long","customer_phone":"[]","total_box":497},{"id":"47110","customer_id":"12","total_price":"69050000","delivery":"0","status":"2","shipment_id":null,"created":"2022-10-21 09:12:28","note":"","order_code":"CH000047110","saler":"1","driver":null,"sub_driver":null,"saler_name":"Sang Ace","customer_name":"C\u00f4 No\u00e3n","customer_address":"32 Ba V\u00e2n","customer_phone":"[\"38427825\"]","total_box":300}],"id":0,"truck":"2","date":"2022-10-21 00:00:00","index":2}
ERROR - 2022-10-21 10:36:26 --> Severity: Warning --> Invalid argument supplied for foreach() /Users/minhnguyen/Documents/works/npptinminh/staging-dev-npptin/application/models/Shipments_model.php 23
ERROR - 2022-10-21 10:36:26 --> Severity: Warning --> array_filter() expects parameter 1 to be array, string given /Users/minhnguyen/Documents/works/npptinminh/staging-dev-npptin/application/controllers/Order.php 537
ERROR - 2022-10-21 10:36:26 --> Severity: Warning --> Invalid argument supplied for foreach() /Users/minhnguyen/Documents/works/npptinminh/staging-dev-npptin/application/controllers/Order.php 541
ERROR - 2022-10-21 10:36:26 --> Severity: Warning --> array_values() expects parameter 1 to be array, null given /Users/minhnguyen/Documents/works/npptinminh/staging-dev-npptin/application/controllers/Order.php 560
ERROR - 2022-10-21 10:38:06 --> Severity: Warning --> Invalid argument supplied for foreach() /Users/minhnguyen/Documents/works/npptinminh/staging-dev-npptin/application/models/Shipments_model.php 23
ERROR - 2022-10-21 10:38:06 --> Severity: Warning --> array_filter() expects parameter 1 to be array, string given /Users/minhnguyen/Documents/works/npptinminh/staging-dev-npptin/application/controllers/Order.php 537
ERROR - 2022-10-21 10:38:06 --> Severity: Warning --> Invalid argument supplied for foreach() /Users/minhnguyen/Documents/works/npptinminh/staging-dev-npptin/application/controllers/Order.php 541
ERROR - 2022-10-21 10:38:06 --> Severity: Warning --> array_values() expects parameter 1 to be array, null given /Users/minhnguyen/Documents/works/npptinminh/staging-dev-npptin/application/controllers/Order.php 560
ERROR - 2022-10-21 10:38:27 --> Severity: Warning --> Invalid argument supplied for foreach() /Users/minhnguyen/Documents/works/npptinminh/staging-dev-npptin/application/models/Shipments_model.php 23
ERROR - 2022-10-21 10:38:27 --> Severity: Warning --> array_filter() expects parameter 1 to be array, string given /Users/minhnguyen/Documents/works/npptinminh/staging-dev-npptin/application/controllers/Order.php 537
ERROR - 2022-10-21 10:38:27 --> Severity: Warning --> Invalid argument supplied for foreach() /Users/minhnguyen/Documents/works/npptinminh/staging-dev-npptin/application/controllers/Order.php 541
ERROR - 2022-10-21 10:38:27 --> Severity: Warning --> array_values() expects parameter 1 to be array, null given /Users/minhnguyen/Documents/works/npptinminh/staging-dev-npptin/application/controllers/Order.php 560
ERROR - 2022-10-21 10:38:34 --> Severity: Warning --> Invalid argument supplied for foreach() /Users/minhnguyen/Documents/works/npptinminh/staging-dev-npptin/application/models/Customers_model.php 21
ERROR - 2022-10-21 10:38:34 --> Severity: Warning --> Invalid argument supplied for foreach() /Users/minhnguyen/Documents/works/npptinminh/staging-dev-npptin/application/controllers/Customers.php 50
ERROR - 2022-10-21 10:38:34 --> Severity: Warning --> Invalid argument supplied for foreach() /Users/minhnguyen/Documents/works/npptinminh/staging-dev-npptin/application/controllers/Products.php 180
ERROR - 2022-10-21 10:38:38 --> Severity: Warning --> Invalid argument supplied for foreach() /Users/minhnguyen/Documents/works/npptinminh/staging-dev-npptin/application/models/Shipments_model.php 23
ERROR - 2022-10-21 10:38:38 --> Severity: Warning --> array_filter() expects parameter 1 to be array, string given /Users/minhnguyen/Documents/works/npptinminh/staging-dev-npptin/application/controllers/Order.php 537
ERROR - 2022-10-21 10:38:38 --> Severity: Warning --> Invalid argument supplied for foreach() /Users/minhnguyen/Documents/works/npptinminh/staging-dev-npptin/application/controllers/Order.php 541
ERROR - 2022-10-21 10:38:38 --> Severity: Warning --> array_values() expects parameter 1 to be array, null given /Users/minhnguyen/Documents/works/npptinminh/staging-dev-npptin/application/controllers/Order.php 560
ERROR - 2022-10-21 12:25:12 --> Severity: Notice --> Array to string conversion /Users/minhnguyen/Documents/works/npptinminh/staging-dev-npptin/application/core/MY_Model.php 25
ERROR - 2022-10-21 12:25:12 --> Severity: Notice --> Array to string conversion /Users/minhnguyen/Documents/works/npptinminh/staging-dev-npptin/application/core/MY_Model.php 25
ERROR - 2022-10-21 16:23:37 --> Severity: Notice --> Trying to get property 'orders' of non-object /Users/minhnguyen/Documents/works/npptinminh/staging-dev-npptin/application/controllers/Order.php 271
ERROR - 2022-10-21 16:23:37 --> Severity: Warning --> Invalid argument supplied for foreach() /Users/minhnguyen/Documents/works/npptinminh/staging-dev-npptin/application/controllers/Order.php 271
ERROR - 2022-10-21 16:23:37 --> Severity: Notice --> Trying to get property 'customer_id' of non-object /Users/minhnguyen/Documents/works/npptinminh/staging-dev-npptin/application/controllers/Order.php 280
ERROR - 2022-10-21 16:23:37 --> Severity: Notice --> Trying to get property 'total_price' of non-object /Users/minhnguyen/Documents/works/npptinminh/staging-dev-npptin/application/controllers/Order.php 281
ERROR - 2022-10-21 16:23:37 --> Severity: Notice --> Trying to get property 'note' of non-object /Users/minhnguyen/Documents/works/npptinminh/staging-dev-npptin/application/controllers/Order.php 282
ERROR - 2022-10-21 16:23:37 --> Severity: Notice --> Trying to get property 'saler' of non-object /Users/minhnguyen/Documents/works/npptinminh/staging-dev-npptin/application/controllers/Order.php 283
ERROR - 2022-10-21 16:23:37 --> Severity: Notice --> Trying to get property 'lstProId' of non-object /Users/minhnguyen/Documents/works/npptinminh/staging-dev-npptin/application/controllers/Order.php 296
ERROR - 2022-10-21 16:23:37 --> Severity: Warning --> Invalid argument supplied for foreach() /Users/minhnguyen/Documents/works/npptinminh/staging-dev-npptin/application/controllers/Order.php 296
