CUSTOM - 2022-11-18 08:56:39 --> Order::addOrder - /index.php/order/addOrder: {"note":"","lstProId":[],"orders":[{"product_id":"10","cost":null,"unit":"","price":211000,"quantity":1,"total":"10"},{"product_id":"13","cost":null,"unit":"","price":215000,"quantity":1,"total":"13"},{"product_id":"18","cost":null,"unit":"","price":211000,"quantity":1,"total":"18"},{"product_id":"22","cost":null,"unit":"","price":178000,"quantity":1,"total":"22"},{"product_id":"17","cost":null,"unit":"","price":285000,"quantity":1,"total":"17"},{"product_id":"24","cost":null,"unit":"","price":190000,"quantity":1,"total":"24"}],"total_price":1290000,"customer_id":"1","saler":"2"}
CUSTOM - 2022-11-18 08:57:01 --> Order::addOrder - /index.php/order/addOrder: {"note":"","lstProId":[],"orders":[{"product_id":"10","cost":null,"unit":"","price":211000,"quantity":1,"total":"10"},{"product_id":"11","cost":null,"unit":"","price":211000,"quantity":1,"total":"11"},{"product_id":"17","cost":null,"unit":"","price":285000,"quantity":1,"total":"17"},{"product_id":"21","cost":null,"unit":"","price":178000,"quantity":1,"total":"21"},{"product_id":"19","cost":null,"unit":"","price":211000,"quantity":1,"total":"19"}],"total_price":1096000,"customer_id":"3","saler":"2"}
CUSTOM - 2022-11-18 08:57:26 --> Order::addOrder - /index.php/order/addOrder: {"note":"","lstProId":[],"orders":[{"product_id":"11","cost":null,"unit":"","price":211000,"quantity":1,"total":"11"},{"product_id":"14","cost":null,"unit":"","price":215000,"quantity":1,"total":"14"},{"product_id":"34","cost":null,"unit":"","price":171000,"quantity":1,"total":"34"},{"product_id":"21","cost":null,"unit":"","price":178000,"quantity":1,"total":"21"},{"product_id":"29","cost":null,"unit":"","price":189000,"quantity":1,"total":"29"}],"total_price":964000,"customer_id":"17","saler":"4"}
CUSTOM - 2022-11-18 08:57:45 --> Order::addOrder - /index.php/order/addOrder: {"note":"","lstProId":[],"orders":[{"product_id":"11","cost":null,"unit":"","price":211000,"quantity":1,"total":"11"},{"product_id":"15","cost":null,"unit":"","price":215000,"quantity":1,"total":"15"},{"product_id":"17","cost":null,"unit":"","price":285000,"quantity":1,"total":"17"},{"product_id":"22","cost":null,"unit":"","price":178000,"quantity":1,"total":"22"}],"total_price":889000,"customer_id":"3","saler":"2"}
CUSTOM - 2022-11-18 08:58:02 --> Order::addOrder - /index.php/order/addOrder: {"note":"","lstProId":[],"orders":[{"product_id":"12","cost":null,"unit":"","price":211000,"quantity":1,"total":"12"},{"product_id":"14","cost":null,"unit":"","price":215000,"quantity":1,"total":"14"},{"product_id":"18","cost":null,"unit":"","price":211000,"quantity":1,"total":"18"},{"product_id":"22","cost":null,"unit":"","price":178000,"quantity":1,"total":"22"}],"total_price":815000,"customer_id":"3","saler":"2"}
CUSTOM - 2022-11-18 08:58:21 --> Order::addOrder - /index.php/order/addOrder: {"note":"","lstProId":[],"orders":[{"product_id":"10","cost":null,"unit":"","price":211000,"quantity":1,"total":"10"},{"product_id":"15","cost":null,"unit":"","price":215000,"quantity":1,"total":"15"},{"product_id":"12","cost":null,"unit":"","price":211000,"quantity":1,"total":"12"},{"product_id":"16","cost":null,"unit":"","price":215000,"quantity":1,"total":"16"},{"product_id":"21","cost":null,"unit":"","price":178000,"quantity":1,"total":"21"}],"total_price":1030000,"customer_id":"16","saler":"2"}
CUSTOM - 2022-11-18 08:58:27 --> Order::addOrder - /index.php/order/addOrder: {"note":"","lstProId":[],"orders":[{"product_id":"10","cost":null,"unit":"","price":211000,"quantity":1,"total":"10"}],"total_price":211000,"customer_id":"17","saler":"5"}
CUSTOM - 2022-11-18 08:58:32 --> Order::addOrder - /index.php/order/addOrder: {"note":"","lstProId":[],"orders":[{"product_id":"10","cost":null,"unit":"","price":211000,"quantity":1,"total":"10"}],"total_price":211000,"customer_id":"17","saler":"5"}
CUSTOM - 2022-11-18 08:59:02 --> Order::createShipment - /index.php/order/createShipment: {"order":[{"id":"47131","customer_id":"17","total_price":"211000","delivery":"0","status":"2","shipment_id":null,"created":"2022-11-18 08:58:32","note":"","order_code":"CH000047131","saler":"5","driver":null,"sub_driver":null,"saler_name":"A H\u00f9ng1","customer_name":"Trang C\u1ea7u Tr\u1eafng","customer_address":"287 B\u00ecnh Long","customer_phone":"[\"38755364\"]","total_box":1},{"id":"47129","customer_id":"16","total_price":"1030000","delivery":"0","status":"2","shipment_id":null,"created":"2022-11-18 08:58:21","note":"","order_code":"CH000047129","saler":"2","driver":null,"sub_driver":null,"saler_name":"Ho\u00e0ng Ace12","customer_name":"Trang","customer_address":"38 B\u1ea3y S\u1eady","customer_phone":"[\"39080619\"]","total_box":5},{"id":"47130","customer_id":"17","total_price":"211000","delivery":"0","status":"2","shipment_id":null,"created":"2022-11-18 08:58:27","note":"","order_code":"CH000047130","saler":"5","driver":null,"sub_driver":null,"saler_name":"A H\u00f9ng1","customer_name":"Trang C\u1ea7u Tr\u1eafng","customer_address":"287 B\u00ecnh Long","customer_phone":"[\"38755364\"]","total_box":1},{"id":"47128","customer_id":"3","total_price":"815000","delivery":"0","status":"2","shipment_id":null,"created":"2022-11-18 08:58:02","note":"","order_code":"CH000047128","saler":"2","driver":null,"sub_driver":null,"saler_name":"Ho\u00e0ng Ace12","customer_name":"","customer_address":"86 \u1ea4p Chi\u1ebfn L\u01b0\u1ee3c","customer_phone":"[\"0908460192\",\"123123123123\"]","total_box":4},{"id":"47126","customer_id":"17","total_price":"964000","delivery":"0","status":"2","shipment_id":null,"created":"2022-11-18 08:57:26","note":"","order_code":"CH000047126","saler":"4","driver":null,"sub_driver":null,"saler_name":"H\u00e2n Ace","customer_name":"Trang C\u1ea7u Tr\u1eafng","customer_address":"287 B\u00ecnh Long","customer_phone":"[\"38755364\"]","total_box":5},{"id":"47127","customer_id":"3","total_price":"889000","delivery":"0","status":"2","shipment_id":null,"created":"2022-11-18 08:57:45","note":"","order_code":"CH000047127","saler":"2","driver":null,"sub_driver":null,"saler_name":"Ho\u00e0ng Ace12","customer_name":"","customer_address":"86 \u1ea4p Chi\u1ebfn L\u01b0\u1ee3c","customer_phone":"[\"0908460192\",\"123123123123\"]","total_box":4},{"id":"47124","customer_id":"1","total_price":"1290000","delivery":"0","status":"2","shipment_id":null,"created":"2022-11-18 08:56:39","note":"","order_code":"CH000047124","saler":"2","driver":null,"sub_driver":null,"saler_name":"Ho\u00e0ng Ace12","customer_name":"NPP Ph\u00fa Thu\u1eadn","customer_address":"133\/28 H\u00f2a B\u00ecnh","customer_phone":"[\"62784800\"]","total_box":6},{"id":"47125","customer_id":"3","total_price":"1096000","delivery":"0","status":"2","shipment_id":null,"created":"2022-11-18 08:57:01","note":"","order_code":"CH000047125","saler":"2","driver":null,"sub_driver":null,"saler_name":"Ho\u00e0ng Ace12","customer_name":"","customer_address":"86 \u1ea4p Chi\u1ebfn L\u01b0\u1ee3c","customer_phone":"[\"0908460192\",\"123123123123\"]","total_box":5}],"id":0,"truck":"2","date":"2022-11-18 00:00:00","index":1}
CUSTOM - 2022-11-18 08:59:18 --> Order::updateStatusShipment - /index.php/order/updateStatusShipment?shipment_id=5404&status=1: []
CUSTOM - 2022-11-18 09:02:42 --> Order::updateStatusShipment - /index.php/order/updateStatusShipment?shipment_id=5404&status=1: []
CUSTOM - 2022-11-18 09:04:30 --> Warehouse_wholesale::saveAddWholesale - /index.php/warehouse_wholesale/saveAddWholesale: {"partner":1,"total_bill":22343688,"actual":0,"debt":null,"buy_price":[{"product_id":"29","quantity":123,"unit":"1","price":"181656"}],"warehouseid":"1"}
CUSTOM - 2022-11-18 09:04:50 --> Order::updateStatusShipment - /index.php/order/updateStatusShipment?shipment_id=5404&status=1: []
CUSTOM - 2022-11-18 09:12:47 --> Order::updateStatusShipment - /index.php/order/updateStatusShipment?shipment_id=5404&status=1: []
CUSTOM - 2022-11-18 09:13:24 --> Warehouse_wholesale::saveAddWholesale - /index.php/warehouse_wholesale/saveAddWholesale: {"partner":1,"total_bill":202176,"actual":0,"debt":null,"buy_price":[{"product_id":"19","quantity":1,"unit":"1","price":"202176"}],"warehouseid":"1"}
CUSTOM - 2022-11-18 09:13:37 --> Order::updateStatusShipment - /index.php/order/updateStatusShipment?shipment_id=5404&status=1: []
CUSTOM - 2022-11-18 09:22:09 --> Order::updateStatusShipment - /index.php/order/updateStatusShipment?shipment_id=5404&status=1: []
CUSTOM - 2022-11-18 09:22:45 --> Order::updateStatusShipment - /index.php/order/updateStatusShipment?shipment_id=5404&status=1: []
CUSTOM - 2022-11-18 09:23:09 --> Order::updateStatusShipment - /index.php/order/updateStatusShipment?shipment_id=5404&status=1: []
CUSTOM - 2022-11-18 09:23:24 --> Warehouse_wholesale::saveAddWholesale - /index.php/warehouse_wholesale/saveAddWholesale: {"partner":1,"total_bill":2426112,"actual":0,"debt":null,"buy_price":[{"product_id":"19","quantity":12,"unit":"1","price":"202176"}],"warehouseid":"1"}
CUSTOM - 2022-11-18 09:23:43 --> Order::updateStatusShipment - /index.php/order/updateStatusShipment?shipment_id=5404&status=1: []
CUSTOM - 2022-11-18 09:24:00 --> Warehouse_wholesale::saveAddWholesale - /index.php/warehouse_wholesale/saveAddWholesale: {"partner":1,"total_bill":2479248,"actual":0,"debt":null,"buy_price":[{"product_id":"16","quantity":12,"unit":"1","price":"206604"}],"warehouseid":"1"}
CUSTOM - 2022-11-18 09:24:10 --> Order::updateStatusShipment - /index.php/order/updateStatusShipment?shipment_id=5404&status=1: []
CUSTOM - 2022-11-18 09:24:46 --> Order::updateStatusShipment - /index.php/order/updateStatusShipment?shipment_id=5404&status=1: []
CUSTOM - 2022-11-18 09:25:04 --> Warehouse_wholesale::saveAddWholesale - /index.php/warehouse_wholesale/saveAddWholesale: {"partner":1,"total_bill":2052864,"actual":0,"debt":null,"buy_price":[{"product_id":"22","quantity":12,"unit":"1","price":"171072"}],"warehouseid":"1"}
CUSTOM - 2022-11-18 09:25:15 --> Order::updateStatusShipment - /index.php/order/updateStatusShipment?shipment_id=5404&status=1: []
CUSTOM - 2022-11-18 09:25:42 --> Order::updateStatusShipment - /index.php/order/updateStatusShipment?shipment_id=5404&status=1: []
CUSTOM - 2022-11-18 09:25:56 --> Warehouse_wholesale::saveAddWholesale - /index.php/warehouse_wholesale/saveAddWholesale: {"partner":1,"total_bill":2426112,"actual":0,"debt":null,"buy_price":[{"product_id":"12","quantity":12,"unit":"1","price":"202176"}],"warehouseid":"1"}
CUSTOM - 2022-11-18 09:26:06 --> Order::updateStatusShipment - /index.php/order/updateStatusShipment?shipment_id=5404&status=1: []
CUSTOM - 2022-11-18 09:26:41 --> Order::updateStatusShipment - /index.php/order/updateStatusShipment?shipment_id=5404&status=1: []
CUSTOM - 2022-11-18 09:27:02 --> Order::updateStatusShipment - /index.php/order/updateStatusShipment?shipment_id=5404&status=1: []
CUSTOM - 2022-11-18 09:27:54 --> Order::updateStatusShipment - /index.php/order/updateStatusShipment?shipment_id=5404&status=1: []
CUSTOM - 2022-11-18 09:28:06 --> Warehouse_wholesale::saveAddWholesale - /index.php/warehouse_wholesale/saveAddWholesale: {"partner":1,"total_bill":2426112,"actual":0,"debt":null,"buy_price":[{"product_id":"11","quantity":12,"unit":"1","price":"202176"}],"warehouseid":"1"}
CUSTOM - 2022-11-18 09:28:18 --> Order::updateStatusShipment - /index.php/order/updateStatusShipment?shipment_id=5404&status=1: []
ERROR - 2022-11-18 09:28:38 --> Severity: error --> Exception: syntax error, unexpected '$this' (T_VARIABLE), expecting function (T_FUNCTION) or const (T_CONST) /Users/minhnguyen/Documents/works/npptinminh/staging-dev-npptin/application/controllers/Order.php 737
CUSTOM - 2022-11-18 09:29:14 --> Order::updateStatusShipment - /index.php/order/updateStatusShipment?shipment_id=5404&status=1: []
CUSTOM - 2022-11-18 09:29:27 --> Warehouse_wholesale::saveAddWholesale - /index.php/warehouse_wholesale/saveAddWholesale: {"partner":1,"total_bill":2052864,"actual":0,"debt":null,"buy_price":[{"product_id":"22","quantity":12,"unit":"1","price":"171072"}],"warehouseid":"1"}
CUSTOM - 2022-11-18 09:29:48 --> Order::updateStatusShipment - /index.php/order/updateStatusShipment?shipment_id=5400&status=1: []
CUSTOM - 2022-11-18 09:30:03 --> Warehouse_wholesale::saveAddWholesale - /index.php/warehouse_wholesale/saveAddWholesale: {"partner":1,"total_bill":2479248,"actual":0,"debt":null,"buy_price":[{"product_id":"274","quantity":12,"unit":"1","price":"206604"}],"warehouseid":"1"}
CUSTOM - 2022-11-18 09:30:09 --> Order::updateStatusShipment - /index.php/order/updateStatusShipment?shipment_id=5404&status=1: []
CUSTOM - 2022-11-18 09:30:25 --> Warehouse_wholesale::saveAddWholesale - /index.php/warehouse_wholesale/saveAddWholesale: {"partner":1,"total_bill":1971216,"actual":0,"debt":null,"buy_price":[{"product_id":"34","quantity":12,"unit":"1","price":"164268"}],"warehouseid":"1"}
CUSTOM - 2022-11-18 09:30:34 --> Order::updateStatusShipment - /index.php/order/updateStatusShipment?shipment_id=5404&status=1: []
CUSTOM - 2022-11-18 09:31:28 --> Order::updateStatusShipment - /index.php/order/updateStatusShipment?shipment_id=5404&status=1: []
CUSTOM - 2022-11-18 09:32:17 --> Order::updateStatusShipment - /index.php/order/updateStatusShipment?shipment_id=5404&status=1: []
CUSTOM - 2022-11-18 09:32:38 --> Order::updateStatusShipment - /index.php/order/updateStatusShipment?shipment_id=5404&status=1: []
CUSTOM - 2022-11-18 09:32:54 --> Warehouse_wholesale::saveAddWholesale - /index.php/warehouse_wholesale/saveAddWholesale: {"partner":1,"total_bill":2426112,"actual":0,"debt":null,"buy_price":[{"product_id":"11","quantity":12,"unit":"1","price":"202176"}],"warehouseid":"1"}
CUSTOM - 2022-11-18 09:33:03 --> Order::updateStatusShipment - /index.php/order/updateStatusShipment?shipment_id=5404&status=1: []
CUSTOM - 2022-11-18 09:33:16 --> Warehouse_wholesale::saveAddWholesale - /index.php/warehouse_wholesale/saveAddWholesale: {"partner":1,"total_bill":2426112,"actual":0,"debt":null,"buy_price":[{"product_id":"12","quantity":12,"unit":"1","price":"202176"}],"warehouseid":"1"}
CUSTOM - 2022-11-18 09:33:23 --> Order::updateStatusShipment - /index.php/order/updateStatusShipment?shipment_id=5404&status=1: []
ERROR - 2022-11-18 09:33:55 --> Severity: error --> Exception: syntax error, unexpected '->' (T_OBJECT_OPERATOR) /Users/minhnguyen/Documents/works/npptinminh/staging-dev-npptin/application/controllers/Order.php 740
CUSTOM - 2022-11-18 09:34:40 --> Order::updateStatusShipment - /index.php/order/updateStatusShipment?shipment_id=5404&status=1: []
CUSTOM - 2022-11-18 09:35:09 --> Order::updateStatusShipment - /index.php/order/updateStatusShipment?shipment_id=5404&status=1: []
CUSTOM - 2022-11-18 09:35:23 --> Warehouse_wholesale::saveAddWholesale - /index.php/warehouse_wholesale/saveAddWholesale: {"partner":1,"total_bill":2052864,"actual":0,"debt":null,"buy_price":[{"product_id":"22","quantity":12,"unit":"1","price":"171072"}],"warehouseid":"1"}
CUSTOM - 2022-11-18 09:35:32 --> Order::updateStatusShipment - /index.php/order/updateStatusShipment?shipment_id=5404&status=1: []
CUSTOM - 2022-11-18 09:36:05 --> Order::updateStatusShipment - /index.php/order/updateStatusShipment?shipment_id=5404&status=1: []
CUSTOM - 2022-11-18 09:36:36 --> Order::updateStatusShipment - /index.php/order/updateStatusShipment?shipment_id=5404&status=1: []
CUSTOM - 2022-11-18 09:37:08 --> Order::updateStatusShipment - /index.php/order/updateStatusShipment?shipment_id=5404&status=1: []
CUSTOM - 2022-11-18 09:37:58 --> Order::updateStatusShipment - /index.php/order/updateStatusShipment?shipment_id=5404&status=1: []
CUSTOM - 2022-11-18 09:38:29 --> Warehouse_wholesale::saveAddWholesale - /index.php/warehouse_wholesale/saveAddWholesale: {"partner":1,"total_bill":3285360,"actual":0,"debt":null,"buy_price":[{"product_id":"17","quantity":12,"unit":"1","price":"273780"}],"warehouseid":"1"}
CUSTOM - 2022-11-18 09:39:12 --> Order::updateStatusShipment - /index.php/order/updateStatusShipment?shipment_id=5404&status=1: []
CUSTOM - 2022-11-18 09:39:52 --> Order::updateStatusShipment - /index.php/order/updateStatusShipment?shipment_id=5404&status=1: []
CUSTOM - 2022-11-18 09:42:26 --> Order::updateStatusShipment - /index.php/order/updateStatusShipment?shipment_id=5404&status=1: []
CUSTOM - 2022-11-18 09:42:42 --> Warehouse_wholesale::saveAddWholesale - /index.php/warehouse_wholesale/saveAddWholesale: {"partner":1,"total_bill":2426112,"actual":0,"debt":null,"buy_price":[{"product_id":"18","quantity":12,"unit":"1","price":"202176"}],"warehouseid":"1"}
CUSTOM - 2022-11-18 09:43:00 --> Warehouse_wholesale::saveAddWholesale - /index.php/warehouse_wholesale/saveAddWholesale: {"partner":1,"total_bill":24867648,"actual":0,"debt":null,"buy_price":[{"product_id":"11","quantity":123,"unit":"1","price":"202176"}],"warehouseid":"1"}
CUSTOM - 2022-11-18 09:43:18 --> Warehouse_wholesale::saveAddWholesale - /index.php/warehouse_wholesale/saveAddWholesale: {"partner":1,"total_bill":2426112,"actual":0,"debt":null,"buy_price":[{"product_id":"19","quantity":12,"unit":"1","price":"202176"}],"warehouseid":"1"}
CUSTOM - 2022-11-18 09:43:35 --> Warehouse_wholesale::saveAddWholesale - /index.php/warehouse_wholesale/saveAddWholesale: {"partner":1,"total_bill":25412292,"actual":0,"debt":null,"buy_price":[{"product_id":"16","quantity":123,"unit":"1","price":"206604"}],"warehouseid":"1"}
CUSTOM - 2022-11-18 09:43:42 --> Order::updateStatusShipment - /index.php/order/updateStatusShipment?shipment_id=5404&status=1: []
CUSTOM - 2022-11-18 09:44:52 --> Order::updateStatusShipment - /index.php/order/updateStatusShipment?shipment_id=5404&status=1: []
CUSTOM - 2022-11-18 09:45:26 --> Order::updateStatusShipment - /index.php/order/updateStatusShipment?shipment_id=5404&status=1: []
CUSTOM - 2022-11-18 10:17:08 --> Order::updateStatusShipment - /index.php/order/updateStatusShipment?shipment_id=5404&status=1: []
CUSTOM - 2022-11-18 10:17:19 --> Warehouse_wholesale::saveAddWholesale - /index.php/warehouse_wholesale/saveAddWholesale: {"partner":1,"total_bill":21041856,"actual":0,"debt":null,"buy_price":[{"product_id":"22","quantity":123,"unit":"1","price":"171072"}],"warehouseid":"1"}
CUSTOM - 2022-11-18 10:17:25 --> Order::updateStatusShipment - /index.php/order/updateStatusShipment?shipment_id=5404&status=1: []
CUSTOM - 2022-11-18 10:19:24 --> Order::updateStatusShipment - /index.php/order/updateStatusShipment?shipment_id=5400&status=1: []
CUSTOM - 2022-11-18 10:19:46 --> Warehouse_wholesale::saveAddWholesale - /index.php/warehouse_wholesale/saveAddWholesale: {"partner":1,"total_bill":22423392,"actual":0,"debt":null,"buy_price":[{"product_id":"268","quantity":123,"unit":"1","price":"182304"}],"warehouseid":"1"}
CUSTOM - 2022-11-18 10:20:06 --> Warehouse_wholesale::saveAddWholesale - /index.php/warehouse_wholesale/saveAddWholesale: {"partner":1,"total_bill":24867648,"actual":0,"debt":null,"buy_price":[{"product_id":"12","quantity":123,"unit":"1","price":"202176"}],"warehouseid":"1"}
CUSTOM - 2022-11-18 10:20:45 --> Order::updateStatusShipment - /index.php/order/updateStatusShipment?shipment_id=5404&status=1: []
CUSTOM - 2022-11-18 10:22:18 --> Order::updateStatusShipment - /index.php/order/updateStatusShipment?shipment_id=5404&status=1: []
CUSTOM - 2022-11-18 10:22:29 --> Warehouse_wholesale::saveAddWholesale - /index.php/warehouse_wholesale/saveAddWholesale: {"partner":1,"total_bill":33674940,"actual":0,"debt":null,"buy_price":[{"product_id":"17","quantity":123,"unit":"1","price":"273780"}],"warehouseid":"1"}
CUSTOM - 2022-11-18 10:22:45 --> Order::updateStatusShipment - /index.php/order/updateStatusShipment?shipment_id=5404&status=1: []
CUSTOM - 2022-11-18 10:39:57 --> Order::updateStatusShipment - /index.php/order/updateStatusShipment?shipment_id=5404&status=1: []
CUSTOM - 2022-11-18 10:40:10 --> Warehouse_wholesale::saveAddWholesale - /index.php/warehouse_wholesale/saveAddWholesale: {"partner":1,"total_bill":21041856,"actual":0,"debt":null,"buy_price":[{"product_id":"21","quantity":123,"unit":"1","price":"171072"}],"warehouseid":"1"}
CUSTOM - 2022-11-18 10:40:20 --> Order::updateStatusShipment - /index.php/order/updateStatusShipment?shipment_id=5404&status=1: []
ERROR - 2022-11-18 10:40:20 --> Severity: Notice --> Undefined property: Order::$check_use_trigger_model /Users/minhnguyen/Documents/works/npptinminh/staging-dev-npptin/application/controllers/Order.php 753
ERROR - 2022-11-18 10:40:20 --> Severity: error --> Exception: Call to a member function update() on null /Users/minhnguyen/Documents/works/npptinminh/staging-dev-npptin/application/controllers/Order.php 753
ERROR - 2022-11-18 10:40:26 --> Severity: Warning --> Invalid argument supplied for foreach() /Users/minhnguyen/Documents/works/npptinminh/staging-dev-npptin/application/controllers/Order.php 665
ERROR - 2022-11-18 10:40:26 --> Severity: Notice --> Undefined property: Order::$check_use_trigger_model /Users/minhnguyen/Documents/works/npptinminh/staging-dev-npptin/application/controllers/Order.php 753
ERROR - 2022-11-18 10:40:26 --> Severity: error --> Exception: Call to a member function update() on null /Users/minhnguyen/Documents/works/npptinminh/staging-dev-npptin/application/controllers/Order.php 753
ERROR - 2022-11-18 10:42:00 --> Severity: Warning --> Invalid argument supplied for foreach() /Users/minhnguyen/Documents/works/npptinminh/staging-dev-npptin/application/controllers/Order.php 665
CUSTOM - 2022-11-18 10:42:15 --> Order::updateStatusShipment - /index.php/order/updateStatusShipment?shipment_id=5404&status=1: []
CUSTOM - 2022-11-18 10:42:26 --> Warehouse_wholesale::saveAddWholesale - /index.php/warehouse_wholesale/saveAddWholesale: {"partner":1,"total_bill":25412292,"actual":0,"debt":null,"buy_price":[{"product_id":"13","quantity":123,"unit":"1","price":"206604"}],"warehouseid":"1"}
CUSTOM - 2022-11-18 10:42:45 --> Warehouse_wholesale::saveAddWholesale - /index.php/warehouse_wholesale/saveAddWholesale: {"partner":1,"total_bill":20204964,"actual":0,"debt":null,"buy_price":[{"product_id":"34","quantity":123,"unit":"1","price":"164268"}],"warehouseid":"1"}
CUSTOM - 2022-11-18 10:42:55 --> Order::updateStatusShipment - /index.php/order/updateStatusShipment?shipment_id=5404&status=1: []
CUSTOM - 2022-11-18 10:47:53 --> Order::updateStatusShipment - /index.php/order/updateStatusShipment?shipment_id=5404&status=1: []
CUSTOM - 2022-11-18 10:48:07 --> Warehouse_wholesale::saveAddWholesale - /index.php/warehouse_wholesale/saveAddWholesale: {"partner":1,"total_bill":2426112,"actual":0,"debt":null,"buy_price":[{"product_id":"18","quantity":12,"unit":"1","price":"202176"}],"warehouseid":"1"}
CUSTOM - 2022-11-18 10:48:15 --> Order::updateStatusShipment - /index.php/order/updateStatusShipment?shipment_id=5404&status=1: []
CUSTOM - 2022-11-18 10:54:50 --> Order::updateStatusShipment - /index.php/order/updateStatusShipment?shipment_id=5404&status=1: []
CUSTOM - 2022-11-18 10:57:04 --> Order::updateStatusShipment - /index.php/order/updateStatusShipment?shipment_id=5404&status=1: []
CUSTOM - 2022-11-18 11:15:39 --> Order::updateStatusShipment - /index.php/order/updateStatusShipment?shipment_id=5404&status=1: []
